2000-01-01 00:01:58Z    0x2ea6a0        task?[225]      AD9362 reg:   0, val:  0
2000-01-01 00:01:58Z    0x2ea6a0        task?[225]      AD9362 reg:   1, val:  0
2000-01-01 00:01:58Z    0x2ea6a0        task?[225]      AD9362 reg:   2, val: c6
2000-01-01 00:01:58Z    0x2ea6a0        task?[225]      AD9362 reg:   3, val: ce
2000-01-01 00:01:58Z    0x2ea6a0        task?[225]      AD9362 reg:   4, val:  3
2000-01-01 00:01:58Z    0x2ea6a0        task?[225]      AD9362 reg:   5, val: 11
2000-01-01 00:01:58Z    0x2ea6a0        task?[225]      AD9362 reg:   6, val:  6
2000-01-01 00:01:58Z    0x2ea6a0        task?[225]      AD9362 reg:   7, val:  3
2000-01-01 00:01:58Z    0x2ea6a0        task?[225]      AD9362 reg:   8, val:  0
2000-01-01 00:01:58Z    0x2ea6a0        task?[225]      AD9362 reg:   9, val: 17
2000-01-01 00:01:58Z    0x2ea6a0        task?[225]      AD9362 reg:   a, val:  9
2000-01-01 00:01:58Z    0x2ea6a0        task?[225]      AD9362 reg:   b, val:  0
2000-01-01 00:01:58Z    0x2ea6a0        task?[225]      AD9362 reg:   c, val:  e
2000-01-01 00:01:58Z    0x2ea6a0        task?[225]      AD9362 reg:   d, val:  3
2000-01-01 00:01:58Z    0x2ea6a0        task?[225]      AD9362 reg:   e, val: 60
2000-01-01 00:01:58Z    0x2ea6a0        task?[225]      AD9362 reg:   f, val:  4
2000-01-01 00:01:58Z    0x2ea6a0        task?[225]      AD9362 reg:  10, val: cc
2000-01-01 00:01:58Z    0x2ea6a0        task?[225]      AD9362 reg:  11, val:  0
2000-01-01 00:01:58Z    0x2ea6a0        task?[225]      AD9362 reg:  12, val: 10
2000-01-01 00:01:58Z    0x2ea6a0        task?[225]      AD9362 reg:  13, val:  1
2000-01-01 00:01:58Z    0x2ea6a0        task?[225]      AD9362 reg:  14, val: 21
2000-01-01 00:01:58Z    0x2ea6a0        task?[225]      AD9362 reg:  15, val:  4
2000-01-01 00:01:58Z    0x2ea6a0        task?[225]      AD9362 reg:  16, val:  0
2000-01-01 00:01:58Z    0x2ea6a0        task?[225]      AD9362 reg:  17, val: 1a
2000-01-01 00:01:58Z    0x2ea6a0        task?[225]      AD9362 reg:  18, val:  0
2000-01-01 00:01:58Z    0x2ea6a0        task?[225]      AD9362 reg:  19, val:  0
2000-01-01 00:01:58Z    0x2ea6a0        task?[225]      AD9362 reg:  1a, val: 37
2000-01-01 00:01:58Z    0x2ea6a0        task?[225]      AD9362 reg:  1b, val: 37
2000-01-01 00:01:58Z    0x2ea6a0        task?[225]      AD9362 reg:  1c, val: 10
2000-01-01 00:01:58Z    0x2ea6a0        task?[225]      AD9362 reg:  1d, val:  1
2000-01-01 00:01:58Z    0x2ea6a0        task?[225]      AD9362 reg:  1e, val:  0
2000-01-01 00:01:58Z    0x2ea6a0        task?[225]      AD9362 reg:  1f, val:  0
2000-01-01 00:01:58Z    0x2ea6a0        task?[225]      AD9362 reg:  20, val:  0
2000-01-01 00:01:58Z    0x2ea6a0        task?[225]      AD9362 reg:  21, val:  a
2000-01-01 00:01:58Z    0x2ea6a0        task?[225]      AD9362 reg:  22, val:  a
2000-01-01 00:01:58Z    0x2ea6a0        task?[225]      AD9362 reg:  23, val: 3c
2000-01-01 00:01:58Z    0x2ea6a0        task?[225]      AD9362 reg:  24, val:  2
2000-01-01 00:01:58Z    0x2ea6a0        task?[225]      AD9362 reg:  25, val:  2
2000-01-01 00:01:58Z    0x2ea6a0        task?[225]      AD9362 reg:  26, val: 80
2000-01-01 00:01:58Z    0x2ea6a0        task?[225]      AD9362 reg:  27, val:  3
2000-01-01 00:01:58Z    0x2ea6a0        task?[225]      AD9362 reg:  28, val:  0
2000-01-01 00:01:58Z    0x2ea6a0        task?[225]      AD9362 reg:  29, val:  0
2000-01-01 00:01:58Z    0x2ea6a0        task?[225]      AD9362 reg:  2a, val:  0
2000-01-01 00:01:58Z    0x2ea6a0        task?[225]      AD9362 reg:  2b, val:  0
2000-01-01 00:01:58Z    0x2ea6a0        task?[225]      AD9362 reg:  2c, val:  0
2000-01-01 00:01:58Z    0x2ea6a0        task?[225]      AD9362 reg:  2d, val:  0
2000-01-01 00:01:58Z    0x2ea6a0        task?[225]      AD9362 reg:  2e, val:  0
2000-01-01 00:01:58Z    0x2ea6a0        task?[225]      AD9362 reg:  2f, val:  0
2000-01-01 00:01:58Z    0x2ea6a0        task?[225]      AD9362 reg:  30, val:  0
2000-01-01 00:01:58Z    0x2ea6a0        task?[225]      AD9362 reg:  31, val:  0
2000-01-01 00:01:58Z    0x2ea6a0        task?[225]      AD9362 reg:  32, val:  0
2000-01-01 00:01:58Z    0x2ea6a0        task?[225]      AD9362 reg:  33, val:  0
2000-01-01 00:01:58Z    0x2ea6a0        task?[225]      AD9362 reg:  34, val:  0
2000-01-01 00:01:58Z    0x2ea6a0        task?[225]      AD9362 reg:  35, val:  0
2000-01-01 00:01:58Z    0x2ea6a0        task?[225]      AD9362 reg:  36, val: ff
2000-01-01 00:01:58Z    0x2ea6a0        task?[225]      AD9362 reg:  37, val:  a
2000-01-01 00:01:58Z    0x2ea6a0        task?[225]      AD9362 reg:  38, val: 80
2000-01-01 00:01:58Z    0x2ea6a0        task?[225]      AD9362 reg:  39, val: 34
2000-01-01 00:01:58Z    0x2ea6a0        task?[225]      AD9362 reg:  3a, val: 7a
2000-01-01 00:01:58Z    0x2ea6a0        task?[225]      AD9362 reg:  3b, val:  0
2000-01-01 00:01:58Z    0x2ea6a0        task?[225]      AD9362 reg:  3c, val: 25
2000-01-01 00:01:58Z    0x2ea6a0        task?[225]      AD9362 reg:  3d, val: ff
2000-01-01 00:01:58Z    0x2ea6a0        task?[225]      AD9362 reg:  3e, val:  f
2000-01-01 00:01:58Z    0x2ea6a0        task?[225]      AD9362 reg:  3f, val:  1
2000-01-01 00:01:58Z    0x2ea6a0        task?[225]      AD9362 reg:  40, val:  0
2000-01-01 00:01:58Z    0x2ea6a0        task?[225]      AD9362 reg:  41, val:  0
2000-01-01 00:01:58Z    0x2ea6a0        task?[225]      AD9362 reg:  42, val:  0
2000-01-01 00:01:58Z    0x2ea6a0        task?[225]      AD9362 reg:  43, val:  0
2000-01-01 00:01:58Z    0x2ea6a0        task?[225]      AD9362 reg:  44, val: 10
2000-01-01 00:01:58Z    0x2ea6a0        task?[225]      AD9362 reg:  45, val:  0
2000-01-01 00:01:58Z    0x2ea6a0        task?[225]      AD9362 reg:  46, val:  3
2000-01-01 00:01:58Z    0x2ea6a0        task?[225]      AD9362 reg:  47, val:  0
2000-01-01 00:01:58Z    0x2ea6a0        task?[225]      AD9362 reg:  48, val: e8
2000-01-01 00:01:58Z    0x2ea6a0        task?[225]      AD9362 reg:  49, val: 5b
2000-01-01 00:01:58Z    0x2ea6a0        task?[225]      AD9362 reg:  4a, val: 35
2000-01-01 00:01:58Z    0x2ea6a0        task?[225]      AD9362 reg:  4b, val: e1
2000-01-01 00:01:58Z    0x2ea6a0        task?[225]      AD9362 reg:  4c, val: 86
2000-01-01 00:01:58Z    0x2ea6a0        task?[225]      AD9362 reg:  4d, val:  5
2000-01-01 00:01:58Z    0x2ea6a0        task?[225]      AD9362 reg:  4e, val: 10
2000-01-01 00:01:58Z    0x2ea6a0        task?[225]      AD9362 reg:  4f, val:  0
2000-01-01 00:01:58Z    0x2ea6a0        task?[225]      AD9362 reg:  50, val:  0
2000-01-01 00:01:58Z    0x2ea6a0        task?[225]      AD9362 reg:  51, val:  0
2000-01-01 00:01:58Z    0x2ea6a0        task?[225]      AD9362 reg:  52, val:  3
2000-01-01 00:01:58Z    0x2ea6a0        task?[225]      AD9362 reg:  53, val:  0
2000-01-01 00:01:58Z    0x2ea6a0        task?[225]      AD9362 reg:  54, val:  0
2000-01-01 00:01:58Z    0x2ea6a0        task?[225]      AD9362 reg:  55, val:  0
2000-01-01 00:01:58Z    0x2ea6a0        task?[225]      AD9362 reg:  56, val:  0
2000-01-01 00:01:58Z    0x2ea6a0        task?[225]      AD9362 reg:  57, val: 3c
2000-01-01 00:01:58Z    0x2ea6a0        task?[225]      AD9362 reg:  58, val: 30
2000-01-01 00:01:58Z    0x2ea6a0        task?[225]      AD9362 reg:  59, val:  0
2000-01-01 00:01:58Z    0x2ea6a0        task?[225]      AD9362 reg:  5a, val:  0
2000-01-01 00:01:58Z    0x2ea6a0        task?[225]      AD9362 reg:  5b, val:  0
2000-01-01 00:01:58Z    0x2ea6a0        task?[225]      AD9362 reg:  5c, val:  0
2000-01-01 00:01:58Z    0x2ea6a0        task?[225]      AD9362 reg:  5d, val:  0
2000-01-01 00:01:58Z    0x2ea6a0        task?[225]      AD9362 reg:  5e, val: 81
2000-01-01 00:01:58Z    0x2ea6a0        task?[225]      AD9362 reg:  5f, val:  1
2000-01-01 00:01:58Z    0x2ea6a0        task?[225]      AD9362 reg:  60, val: 3f
2000-01-01 00:01:58Z    0x2ea6a0        task?[225]      AD9362 reg:  61, val: f6
2000-01-01 00:01:58Z    0x2ea6a0        task?[225]      AD9362 reg:  62, val: ff
2000-01-01 00:01:58Z    0x2ea6a0        task?[225]      AD9362 reg:  63, val: f6
2000-01-01 00:01:58Z    0x2ea6a0        task?[225]      AD9362 reg:  64, val: ff
2000-01-01 00:01:58Z    0x2ea6a0        task?[225]      AD9362 reg:  65, val: 78
2000-01-01 00:01:58Z    0x2ea6a0        task?[225]      AD9362 reg:  66, val:  0
2000-01-01 00:01:58Z    0x2ea6a0        task?[225]      AD9362 reg:  67, val: 13
2000-01-01 00:01:58Z    0x2ea6a0        task?[225]      AD9362 reg:  68, val: 18
2000-01-01 00:01:58Z    0x2ea6a0        task?[225]      AD9362 reg:  69, val:  0
2000-01-01 00:01:58Z    0x2ea6a0        task?[225]      AD9362 reg:  6a, val:  0
2000-01-01 00:01:58Z    0x2ea6a0        task?[225]      AD9362 reg:  6b, val:  0
2000-01-01 00:01:58Z    0x2ea6a0        task?[225]      AD9362 reg:  6c, val:  0
2000-01-01 00:01:58Z    0x2ea6a0        task?[225]      AD9362 reg:  6d, val:  0
2000-01-01 00:01:58Z    0x2ea6a0        task?[225]      AD9362 reg:  6e, val:  8
2000-01-01 00:01:58Z    0x2ea6a0        task?[225]      AD9362 reg:  6f, val:  0
2000-01-01 00:01:58Z    0x2ea6a0        task?[225]      AD9362 reg:  70, val: c1
2000-01-01 00:01:58Z    0x2ea6a0        task?[225]      AD9362 reg:  71, val: c1
2000-01-01 00:01:58Z    0x2ea6a0        task?[225]      AD9362 reg:  72, val:  0
2000-01-01 00:01:58Z    0x2ea6a0        task?[225]      AD9362 reg:  73, val: ff
2000-01-01 00:01:58Z    0x2ea6a0        task?[225]      AD9362 reg:  74, val:  0
2000-01-01 00:01:58Z    0x2ea6a0        task?[225]      AD9362 reg:  75, val: ff
2000-01-01 00:01:58Z    0x2ea6a0        task?[225]      AD9362 reg:  76, val:  0
2000-01-01 00:01:58Z    0x2ea6a0        task?[225]      AD9362 reg:  77, val: 40
2000-01-01 00:01:58Z    0x2ea6a0        task?[225]      AD9362 reg:  78, val: 3c
2000-01-01 00:01:58Z    0x2ea6a0        task?[225]      AD9362 reg:  79, val:  f
2000-01-01 00:01:58Z    0x2ea6a0        task?[225]      AD9362 reg:  7a, val: ff
2000-01-01 00:01:58Z    0x338c0 tIntrTask3       max pwr 0-0 0-0, vld null 0 1, corr_offset 0 0, rb_pwr_max 0, fast_det_cnt 0, at 2799 
2000-01-01 00:01:58Z    0x2ea6a0        task?[225]      AD9362 reg:  7b, val:  8
2000-01-01 00:01:58Z    0x2ea6a0        task?[225]      AD9362 reg:  7c, val: 4f
2000-01-01 00:01:58Z    0x2ea6a0        task?[225]      AD9362 reg:  7d, val: ff
2000-01-01 00:01:58Z    0x2ea6a0        task?[225]      AD9362 reg:  7e, val:  8
2000-01-01 00:01:58Z    0x2ea6a0        task?[225]      AD9362 reg:  7f, val:  0
2000-01-01 00:01:58Z    0x2ea6a0        task?[225]      AD9362 reg:  80, val:  0
2000-01-01 00:01:58Z    0x2ea6a0        task?[225]      AD9362 reg:  81, val:  0
2000-01-01 00:01:59Z    0x338c0 tIntrTask3       max pwr 0-0 0-0, vld null 0 1, corr_offset 0 0, rb_pwr_max 0, fast_det_cnt 0, at 2815 
2000-01-01 00:01:59Z    0x2ea6a0        task?[225]      AD9362 reg:  82, val:  0
2000-01-01 00:01:59Z    0x2ea6a0        task?[225]      AD9362 reg:  83, val:  0
2000-01-01 00:01:59Z    0x2ea6a0        task?[225]      AD9362 reg:  84, val:  0
2000-01-01 00:01:59Z    0x2ea6a0        task?[225]      AD9362 reg:  85, val:  0
2000-01-01 00:01:59Z    0x2ea6a0        task?[225]      AD9362 reg:  86, val:  0
2000-01-01 00:01:59Z    0x2ea6a0        task?[225]      AD9362 reg:  87, val:  0
2000-01-01 00:01:59Z    0x2ea6a0        task?[225]      AD9362 reg:  88, val:  0
2000-01-01 00:01:59Z    0x2ea6a0        task?[225]      AD9362 reg:  89, val:  0
2000-01-01 00:01:59Z    0x2ea6a0        task?[225]      AD9362 reg:  8a, val:  0
2000-01-01 00:01:59Z    0x2ea6a0        task?[225]      AD9362 reg:  8b, val:  0
2000-01-01 00:01:59Z    0x2ea6a0        task?[225]      AD9362 reg:  8c, val:  0
2000-01-01 00:01:59Z    0x2ea6a0        task?[225]      AD9362 reg:  8d, val:  0
2000-01-01 00:01:59Z    0x2ea6a0        task?[225]      AD9362 reg:  8e, val: eb
2000-01-01 00:01:59Z    0x2ea6a0        task?[225]      AD9362 reg:  8f, val: fe
2000-01-01 00:01:59Z    0x2ea6a0        task?[225]      AD9362 reg:  90, val: e9
2000-01-01 00:01:59Z    0x2ea6a0        task?[225]      AD9362 reg:  91, val:  0
2000-01-01 00:01:59Z    0x2ea6a0        task?[225]      AD9362 reg:  92, val: f8
2000-01-01 00:01:59Z    0x2ea6a0        task?[225]      AD9362 reg:  93, val:  4
2000-01-01 00:01:59Z    0x2ea6a0        task?[225]      AD9362 reg:  94, val: fa
2000-01-01 00:01:59Z    0x2ea6a0        task?[225]      AD9362 reg:  95, val:  9
2000-01-01 00:01:59Z    0x2ea6a0        task?[225]      AD9362 reg:  96, val:  0
2000-01-01 00:01:59Z    0x2ea6a0        task?[225]      AD9362 reg:  97, val:  0
2000-01-01 00:01:59Z    0x2ea6a0        task?[225]      AD9362 reg:  98, val:  0
2000-01-01 00:01:59Z    0x2ea6a0        task?[225]      AD9362 reg:  99, val:  0
2000-01-01 00:01:59Z    0x2ea6a0        task?[225]      AD9362 reg:  9a, val:  0
2000-01-01 00:01:59Z    0x2ea6a0        task?[225]      AD9362 reg:  9b, val:  0
2000-01-01 00:01:59Z    0x2ea6a0        task?[225]      AD9362 reg:  9c, val:  0
2000-01-01 00:01:59Z    0x2ea6a0        task?[225]      AD9362 reg:  9d, val:  0
2000-01-01 00:01:59Z    0x2ea6a0        task?[225]      AD9362 reg:  9e, val:  f
2000-01-01 00:01:59Z    0x2ea6a0        task?[225]      AD9362 reg:  9f, val:  0
2000-01-01 00:01:59Z    0x2ea6a0        task?[225]      AD9362 reg:  a0, val: 15
2000-01-01 00:01:59Z    0x2ea6a0        task?[225]      AD9362 reg:  a1, val: 7b
2000-01-01 00:01:59Z    0x2ea6a0        task?[225]      AD9362 reg:  a2, val: 7f
2000-01-01 00:01:59Z    0x2ea6a0        task?[225]      AD9362 reg:  a3, val:  0
2000-01-01 00:01:59Z    0x2ea6a0        task?[225]      AD9362 reg:  a4, val: f0
2000-01-01 00:01:59Z    0x2ea6a0        task?[225]      AD9362 reg:  a5, val:  1
2000-01-01 00:01:59Z    0x2ea6a0        task?[225]      AD9362 reg:  a6, val:  1
2000-01-01 00:01:59Z    0x2ea6a0        task?[225]      AD9362 reg:  a7, val: 83
2000-01-01 00:01:59Z    0x2ea6a0        task?[225]      AD9362 reg:  a8, val: 5b
2000-01-01 00:01:59Z    0x2ea6a0        task?[225]      AD9362 reg:  a9, val: ff
2000-01-01 00:01:59Z    0x2b6408        dataCenter      delConnectionWhichNeedDel begin
2000-01-01 00:01:59Z    0x2b6408        dataCenter      delConnectionWhichNeedDel end
2000-01-01 00:01:59Z    0x2b6408        dataCenter      Noise function Close
2000-01-01 00:01:59Z    0x2b6408        dataCenter      calculateThresh is stop
2000-01-01 00:01:59Z    0x298768        omcMain         McsOmcMain::handleSchedulerSlowTicks, It's RU board...
2000-01-01 00:01:59Z    0x2ea6a0        task?[225]      AD9362 reg:  aa, val: 1d
2000-01-01 00:01:59Z    0x2ea6a0        task?[225]      AD9362 reg:  ab, val:  0
2000-01-01 00:01:59Z    0x2ea6a0        task?[225]      AD9362 reg:  ac, val:  b
2000-01-01 00:01:59Z    0x338c0 tIntrTask3       max pwr 0-0 0-0, vld null 0 1, corr_offset 0 0, rb_pwr_max 0, fast_det_cnt 0, at 2831 
2000-01-01 00:01:59Z    0x2ea6a0        task?[225]      AD9362 reg:  ad, val:  0
2000-01-01 00:01:59Z    0x2ea6a0        task?[225]      AD9362 reg:  ae, val:  0
2000-01-01 00:01:59Z    0x2ea6a0        task?[225]      AD9362 reg:  af, val:  0
2000-01-01 00:01:59Z    0x2ea6a0        task?[225]      AD9362 reg:  b0, val:  0
2000-01-01 00:01:59Z    0x2ea6a0        task?[225]      AD9362 reg:  b1, val:  0
2000-01-01 00:01:59Z    0x2ea6a0        task?[225]      AD9362 reg:  b2, val:  0
2000-01-01 00:01:59Z    0x2ea6a0        task?[225]      AD9362 reg:  b3, val:  0
2000-01-01 00:01:59Z    0x2ea6a0        task?[225]      AD9362 reg:  b4, val:  0
2000-01-01 00:01:59Z    0x2ea6a0        task?[225]      AD9362 reg:  b5, val:  0
2000-01-01 00:01:59Z    0x2ea6a0        task?[225]      AD9362 reg:  b6, val:  0
2000-01-01 00:01:59Z    0x2ea6a0        task?[225]      AD9362 reg:  b7, val:  0
2000-01-01 00:01:59Z    0x2ea6a0        task?[225]      AD9362 reg:  b8, val:  0
2000-01-01 00:01:59Z    0x2ea6a0        task?[225]      AD9362 reg:  b9, val:  0
2000-01-01 00:01:59Z    0x338c0 tIntrTask3       max pwr 0-0 0-0, vld null 0 1, corr_offset 0 0, rb_pwr_max 0, fast_det_cnt 0, at 2847 
2000-01-01 00:01:59Z    0x2ea6a0        task?[225]      AD9362 reg:  ba, val:  0
2000-01-01 00:01:59Z    0x2ea6a0        task?[225]      AD9362 reg:  bb, val:  0
2000-01-01 00:01:59Z    0x2ea6a0        task?[225]      AD9362 reg:  bc, val:  0
2000-01-01 00:01:59Z    0x2ea6a0        task?[225]      AD9362 reg:  bd, val:  0
2000-01-01 00:01:59Z    0x2ea6a0        task?[225]      AD9362 reg:  be, val:  0
2000-01-01 00:01:59Z    0x2ea6a0        task?[225]      AD9362 reg:  bf, val:  0
2000-01-01 00:01:59Z    0x2ea6a0        task?[225]      AD9362 reg:  c0, val: 6f
2000-01-01 00:01:59Z    0x2ea6a0        task?[225]      AD9362 reg:  c1, val: ef
2000-01-01 00:01:59Z    0x2ea6a0        task?[225]      AD9362 reg:  c2, val: 1f
2000-01-01 00:01:59Z    0x2ea6a0        task?[225]      AD9362 reg:  c3, val: 1f
2000-01-01 00:01:59Z    0x2ea6a0        task?[225]      AD9362 reg:  c4, val: 1f
2000-01-01 00:01:59Z    0x2ea6a0        task?[225]      AD9362 reg:  c5, val: 1f
2000-01-01 00:01:59Z    0x2ea6a0        task?[225]      AD9362 reg:  c6, val: 1f
2000-01-01 00:01:59Z    0x2ea6a0        task?[225]      AD9362 reg:  c7, val:  5
2000-01-01 00:01:59Z    0x2ea6a0        task?[225]      AD9362 reg:  c8, val:  5
2000-01-01 00:01:59Z    0x2ea6a0        task?[225]      AD9362 reg:  c9, val:  5
2000-01-01 00:01:59Z    0x2ea6a0        task?[225]      AD9362 reg:  ca, val: 26
2000-01-01 00:01:59Z    0x2ea6a0        task?[225]      AD9362 reg:  cb, val:  0
2000-01-01 00:01:59Z    0x2ea6a0        task?[225]      AD9362 reg:  cc, val:  8
2000-01-01 00:01:59Z    0x2ea6a0        task?[225]      AD9362 reg:  cd, val:  0
2000-01-01 00:01:59Z    0x2ea6a0        task?[225]      AD9362 reg:  ce, val:  0
2000-01-01 00:01:59Z    0x2ea6a0        task?[225]      AD9362 reg:  cf, val:  0
2000-01-01 00:01:59Z    0x2ea6a0        task?[225]      AD9362 reg:  d0, val: 57
2000-01-01 00:01:59Z    0x2ea6a0        task?[225]      AD9362 reg:  d1, val:  c
2000-01-01 00:01:59Z    0x338c0 tIntrTask3       max pwr 0-0 0-0, vld null 0 1, corr_offset 0 0, rb_pwr_max 0, fast_det_cnt 0, at 2863 
2000-01-01 00:01:59Z    0x2ea6a0        task?[225]      AD9362 reg:  d2, val:  4
2000-01-01 00:01:59Z    0x2ea6a0        task?[225]      AD9362 reg:  d3, val: 60
2000-01-01 00:01:59Z    0x2ea6a0        task?[225]      AD9362 reg:  d4, val:  0
2000-01-01 00:01:59Z    0x2ea6a0        task?[225]      AD9362 reg:  d5, val:  0
2000-01-01 00:01:59Z    0x2ea6a0        task?[225]      AD9362 reg:  d6, val:  4
2000-01-01 00:01:59Z    0x2ea6a0        task?[225]      AD9362 reg:  d7, val: 1e
2000-01-01 00:01:59Z    0x2ea6a0        task?[225]      AD9362 reg:  d8, val:  5
2000-01-01 00:01:59Z    0x2ea6a0        task?[225]      AD9362 reg:  d9, val:  0
2000-01-01 00:01:59Z    0x2ea6a0        task?[225]      AD9362 reg:  da, val:  0
2000-01-01 00:01:59Z    0x2ea6a0        task?[225]      AD9362 reg:  db, val:  0
2000-01-01 00:01:59Z    0x2ea6a0        task?[225]      AD9362 reg:  dc, val:  0
2000-01-01 00:01:59Z    0x2ea6a0        task?[225]      AD9362 reg:  dd, val:  0
2000-01-01 00:01:59Z    0x2ea6a0        task?[225]      AD9362 reg:  de, val:  0
2000-01-01 00:01:59Z    0x2ea6a0        task?[225]      AD9362 reg:  df, val:  0
2000-01-01 00:01:59Z    0x2ea6a0        task?[225]      AD9362 reg:  e0, val:  0
2000-01-01 00:01:59Z    0x2ea6a0        task?[225]      AD9362 reg:  e1, val:  0
2000-01-01 00:01:59Z    0x2ea6a0        task?[225]      AD9362 reg:  e2, val:  0
2000-01-01 00:01:59Z    0x2ea6a0        task?[225]      AD9362 reg:  e3, val:  0
2000-01-01 00:01:59Z    0x2ea6a0        task?[225]      AD9362 reg:  e4, val:  0
2000-01-01 00:01:59Z    0x2ea6a0        task?[225]      AD9362 reg:  e5, val:  0
2000-01-01 00:01:59Z    0x2ea6a0        task?[225]      AD9362 reg:  e6, val:  0
2000-01-01 00:01:59Z    0x2ea6a0        task?[225]      AD9362 reg:  e7, val:  0
2000-01-01 00:01:59Z    0x2ea6a0        task?[225]      AD9362 reg:  e8, val:  0
2000-01-01 00:01:59Z    0x2ea6a0        task?[225]      AD9362 reg:  e9, val:  0
2000-01-01 00:01:59Z    0x2ea6a0        task?[225]      AD9362 reg:  ea, val:  0
2000-01-01 00:01:59Z    0x2ea6a0        task?[225]      AD9362 reg:  eb, val:  0
2000-01-01 00:01:59Z    0x2ea6a0        task?[225]      AD9362 reg:  ec, val:  0
2000-01-01 00:01:59Z    0x2ea6a0        task?[225]      AD9362 reg:  ed, val:  0
2000-01-01 00:01:59Z    0x2ea6a0        task?[225]      AD9362 reg:  ee, val:  0
2000-01-01 00:01:59Z    0x2ea6a0        task?[225]      AD9362 reg:  ef, val:  0
2000-01-01 00:01:59Z    0x2ea6a0        task?[225]      AD9362 reg:  f0, val: 3f
2000-01-01 00:01:59Z    0x2ea6a0        task?[225]      AD9362 reg:  f1, val: a7
2000-01-01 00:01:59Z    0x2ea6a0        task?[225]      AD9362 reg:  f2, val: ff
2000-01-01 00:01:59Z    0x2ea6a0        task?[225]      AD9362 reg:  f3, val:  0
2000-01-01 00:01:59Z    0x2ea6a0        task?[225]      AD9362 reg:  f4, val:  0
2000-01-01 00:01:59Z    0x338c0 tIntrTask3       max pwr 0-0 0-0, vld null 0 1, corr_offset 0 0, rb_pwr_max 0, fast_det_cnt 0, at 2879 
2000-01-01 00:01:59Z    0x2ea6a0        task?[225]      AD9362 reg:  f5, val: 78
2000-01-01 00:01:59Z    0x2ea6a0        task?[225]      AD9362 reg:  f6, val:  2
2000-01-01 00:01:59Z    0x2ea6a0        task?[225]      AD9362 reg:  f7, val:  0
2000-01-01 00:01:59Z    0x2ea6a0        task?[225]      AD9362 reg:  f8, val:  0
2000-01-01 00:01:59Z    0x2ea6a0        task?[225]      AD9362 reg:  f9, val:  0
2000-01-01 00:01:59Z    0x2ea6a0        task?[225]      AD9362 reg:  fa, val: e0
2000-01-01 00:01:59Z    0x2ea6a0        task?[225]      AD9362 reg:  fb, val:  0
2000-01-01 00:01:59Z    0x2ea6a0        task?[225]      AD9362 reg:  fc, val: 23
2000-01-01 00:01:59Z    0x2ea6a0        task?[225]      AD9362 reg:  fd, val: 28
2000-01-01 00:01:59Z    0x2ea6a0        task?[225]      AD9362 reg:  fe, val: 44
2000-01-01 00:01:59Z    0x2ea6a0        task?[225]      AD9362 reg:  ff, val: 19
2000-01-01 00:01:59Z    0x338c0 tIntrTask3       max pwr 0-0 0-0, vld null 0 1, corr_offset 0 0, rb_pwr_max 0, fast_det_cnt 0, at 2895 
2000-01-01 00:01:59Z    0x2ea6a0        task?[225]      AD9362 reg: 100, val: 6f
2000-01-01 00:01:59Z    0x2ea6a0        task?[225]      AD9362 reg: 101, val:  a
2000-01-01 00:01:59Z    0x2ea6a0        task?[225]      AD9362 reg: 102, val: 29
2000-01-01 00:01:59Z    0x2ea6a0        task?[225]      AD9362 reg: 103, val:  8
2000-01-01 00:01:59Z    0x2ea6a0        task?[225]      AD9362 reg: 104, val: 2f
2000-01-01 00:01:59Z    0x2ea6a0        task?[225]      AD9362 reg: 105, val: 3a
2000-01-01 00:01:59Z    0x2ea6a0        task?[225]      AD9362 reg: 106, val: 25
2000-01-01 00:01:59Z    0x2ea6a0        task?[225]      AD9362 reg: 107, val: 2b
2000-01-01 00:01:59Z    0x2ea6a0        task?[225]      AD9362 reg: 108, val: 31
2000-01-01 00:01:59Z    0x2ea6a0        task?[225]      AD9362 reg: 109, val: 14
2000-01-01 00:01:59Z    0x2ea6a0        task?[225]      AD9362 reg: 10a, val:  0
2000-01-01 00:01:59Z    0x2ea6a0        task?[225]      AD9362 reg: 10b, val:  0
2000-01-01 00:01:59Z    0x2ea6a0        task?[225]      AD9362 reg: 10c, val: 14
2000-01-01 00:01:59Z    0x2ea6a0        task?[225]      AD9362 reg: 10d, val:  0
2000-01-01 00:01:59Z    0x2ea6a0        task?[225]      AD9362 reg: 10e, val:  0
2000-01-01 00:01:59Z    0x2ea6a0        task?[225]      AD9362 reg: 10f, val:  0
2000-01-01 00:01:59Z    0x2ea6a0        task?[225]      AD9362 reg: 110, val:  2
2000-01-01 00:01:59Z    0x2ea6a0        task?[225]      AD9362 reg: 111, val: ca
2000-01-01 00:01:59Z    0x2ea6a0        task?[225]      AD9362 reg: 112, val: 4a
2000-01-01 00:01:59Z    0x2ea6a0        task?[225]      AD9362 reg: 113, val: 4a
2000-01-01 00:01:59Z    0x2ea6a0        task?[225]      AD9362 reg: 114, val: 64
2000-01-01 00:01:59Z    0x2ea6a0        task?[225]      AD9362 reg: 115, val:  0
2000-01-01 00:01:59Z    0x2ea6a0        task?[225]      AD9362 reg: 116, val: 65
2000-01-01 00:01:59Z    0x2ea6a0        task?[225]      AD9362 reg: 117, val:  8
2000-01-01 00:01:59Z    0x2ea6a0        task?[225]      AD9362 reg: 118, val: 3f
2000-01-01 00:01:59Z    0x2ea6a0        task?[225]      AD9362 reg: 119, val:  8
2000-01-01 00:01:59Z    0x2ea6a0        task?[225]      AD9362 reg: 11a, val: 27
2000-01-01 00:02:00Z    0x2ea6a0        task?[225]      AD9362 reg: 11b, val:  a
2000-01-01 00:02:00Z    0x2ea6a0        task?[225]      AD9362 reg: 11c, val:  0
2000-01-01 00:02:00Z    0x2ea6a0        task?[225]      AD9362 reg: 11d, val:  0
2000-01-01 00:02:00Z    0x2ea6a0        task?[225]      AD9362 reg: 11e, val:  0
2000-01-01 00:02:00Z    0x2ea6a0        task?[225]      AD9362 reg: 11f, val:  0
2000-01-01 00:02:00Z    0x338c0 tIntrTask3       max pwr 0-0 0-0, vld null 0 1, corr_offset 0 0, rb_pwr_max 0, fast_det_cnt 0, at 2911 
2000-01-01 00:02:00Z    0x2ea6a0        task?[225]      AD9362 reg: 120, val: 59
2000-01-01 00:02:00Z    0x2ea6a0        task?[225]      AD9362 reg: 121, val: 81
2000-01-01 00:02:00Z    0x2ea6a0        task?[225]      AD9362 reg: 122, val: a3
2000-01-01 00:02:00Z    0x2ea6a0        task?[225]      AD9362 reg: 123, val: b3
2000-01-01 00:02:00Z    0x2ea6a0        task?[225]      AD9362 reg: 124, val: dd
2000-01-01 00:02:00Z    0x2ea6a0        task?[225]      AD9362 reg: 125, val: 40
2000-01-01 00:02:00Z    0x2ea6a0        task?[225]      AD9362 reg: 126, val:  0
2000-01-01 00:02:00Z    0x2ea6a0        task?[225]      AD9362 reg: 127, val:  0
2000-01-01 00:02:00Z    0x2ea6a0        task?[225]      AD9362 reg: 128, val: 89
2000-01-01 00:02:00Z    0x2ea6a0        task?[225]      AD9362 reg: 129, val: e6
2000-01-01 00:02:00Z    0x2ea6a0        task?[225]      AD9362 reg: 12a, val: a9
2000-01-01 00:02:00Z    0x2ea6a0        task?[225]      AD9362 reg: 12b, val:  0
2000-01-01 00:02:00Z    0x2ea6a0        task?[225]      AD9362 reg: 12c, val: 9c
2000-01-01 00:02:00Z    0x2ea6a0        task?[225]      AD9362 reg: 12d, val:  0
2000-01-01 00:02:00Z    0x2ea6a0        task?[225]      AD9362 reg: 12e, val:  0
2000-01-01 00:02:00Z    0x2ea6a0        task?[225]      AD9362 reg: 12f, val:  0
2000-01-01 00:02:00Z    0x2ea6a0        task?[225]      AD9362 reg: 130, val: 28
2000-01-01 00:02:00Z    0x2ea6a0        task?[225]      AD9362 reg: 131, val: 6f
2000-01-01 00:02:00Z    0x2ea6a0        task?[225]      AD9362 reg: 132, val: 38
2000-01-01 00:02:00Z    0x2ea6a0        task?[225]      AD9362 reg: 133, val: 20
2000-01-01 00:02:00Z    0x2ea6a0        task?[225]      AD9362 reg: 134, val: 6f
2000-01-01 00:02:00Z    0x2ea6a0        task?[225]      AD9362 reg: 135, val: 38
2000-01-01 00:02:00Z    0x2ea6a0        task?[225]      AD9362 reg: 136, val: 20
2000-01-01 00:02:00Z    0x2ea6a0        task?[225]      AD9362 reg: 137, val:  0
2000-01-01 00:02:00Z    0x2ea6a0        task?[225]      AD9362 reg: 138, val:  0
2000-01-01 00:02:00Z    0x2ea6a0        task?[225]      AD9362 reg: 139, val:  0
2000-01-01 00:02:00Z    0x2ea6a0        task?[225]      AD9362 reg: 13a, val:  0
2000-01-01 00:02:00Z    0x2ea6a0        task?[225]      AD9362 reg: 13b, val: 3e
2000-01-01 00:02:00Z    0x2ea6a0        task?[225]      AD9362 reg: 13c, val:  0
2000-01-01 00:02:00Z    0x2ea6a0        task?[225]      AD9362 reg: 13d, val:  0
2000-01-01 00:02:00Z    0x2ea6a0        task?[225]      AD9362 reg: 13e, val: 3e
2000-01-01 00:02:00Z    0x2ea6a0        task?[225]      AD9362 reg: 13f, val:  0
2000-01-01 00:02:00Z    0x2ea6a0        task?[225]      AD9362 reg: 140, val: 7c
2000-01-01 00:02:00Z    0x2ea6a0        task?[225]      AD9362 reg: 141, val: 3b
2000-01-01 00:02:00Z    0x2ea6a0        task?[225]      AD9362 reg: 142, val:  0
2000-01-01 00:02:00Z    0x2ea6a0        task?[225]      AD9362 reg: 143, val:  0
2000-01-01 00:02:00Z    0x2ea6a0        task?[225]      AD9362 reg: 144, val:  0
2000-01-01 00:02:00Z    0x2ea6a0        task?[225]      AD9362 reg: 145, val:  b
2000-01-01 00:02:00Z    0x2ea6a0        task?[225]      AD9362 reg: 146, val:  0
2000-01-01 00:02:00Z    0x2ea6a0        task?[225]      AD9362 reg: 147, val: 10
2000-01-01 00:02:00Z    0x2ea6a0        task?[225]      AD9362 reg: 148, val:  4
2000-01-01 00:02:00Z    0x2ea6a0        task?[225]      AD9362 reg: 149, val:  0
2000-01-01 00:02:00Z    0x2ea6a0        task?[225]      AD9362 reg: 14a, val:  0
2000-01-01 00:02:00Z    0x2ea6a0        task?[225]      AD9362 reg: 14b, val:  0
2000-01-01 00:02:00Z    0x338c0 tIntrTask3       max pwr 0-0 0-0, vld null 0 1, corr_offset 0 0, rb_pwr_max 0, fast_det_cnt 0, at 2943 
2000-01-01 00:02:00Z    0x2ea6a0        task?[225]      AD9362 reg: 14c, val:  0
2000-01-01 00:02:00Z    0x2ea6a0        task?[225]      AD9362 reg: 14d, val:  0
2000-01-01 00:02:00Z    0x2ea6a0        task?[225]      AD9362 reg: 14e, val:  0
2000-01-01 00:02:00Z    0x2ea6a0        task?[225]      AD9362 reg: 14f, val:  0
2000-01-01 00:02:00Z    0x2ea6a0        task?[225]      AD9362 reg: 150, val:  e
2000-01-01 00:02:00Z    0x2ea6a0        task?[225]      AD9362 reg: 151, val:  0
2000-01-01 00:02:00Z    0x2ea6a0        task?[225]      AD9362 reg: 152, val: ff
2000-01-01 00:02:00Z    0x2ea6a0        task?[225]      AD9362 reg: 153, val:  0
2000-01-01 00:02:00Z    0x2ea6a0        task?[225]      AD9362 reg: 154, val:  0
2000-01-01 00:02:00Z    0x2ea6a0        task?[225]      AD9362 reg: 155, val:  0
2000-01-01 00:02:00Z    0x2ea6a0        task?[225]      AD9362 reg: 156, val:  0
2000-01-01 00:02:00Z    0x2ea6a0        task?[225]      AD9362 reg: 157, val:  0
2000-01-01 00:02:00Z    0x2ea6a0        task?[225]      AD9362 reg: 158, val:  d
2000-01-01 00:02:00Z    0x2ea6a0        task?[225]      AD9362 reg: 159, val: 22
2000-01-01 00:02:00Z    0x2ea6a0        task?[225]      AD9362 reg: 15a, val:  0
2000-01-01 00:02:00Z    0x2ea6a0        task?[225]      AD9362 reg: 15b, val:  0
2000-01-01 00:02:00Z    0x2ea6a0        task?[225]      AD9362 reg: 15c, val: 67
2000-01-01 00:02:00Z    0x2ea6a0        task?[225]      AD9362 reg: 15d, val: b1
2000-01-01 00:02:00Z    0x2ea6a0        task?[225]      AD9362 reg: 15e, val:  0
2000-01-01 00:02:00Z    0x2ea6a0        task?[225]      AD9362 reg: 15f, val:  0
2000-01-01 00:02:00Z    0x2ea6a0        task?[225]      AD9362 reg: 160, val:  0
2000-01-01 00:02:00Z    0x2ea6a0        task?[225]      AD9362 reg: 161, val: 7b
2000-01-01 00:02:00Z    0x2ea6a0        task?[225]      AD9362 reg: 162, val:  0
2000-01-01 00:02:00Z    0x2ea6a0        task?[225]      AD9362 reg: 163, val: 7a
2000-01-01 00:02:00Z    0x2ea6a0        task?[225]      AD9362 reg: 164, val:  0
2000-01-01 00:02:00Z    0x2ea6a0        task?[225]      AD9362 reg: 165, val:  0
2000-01-01 00:02:00Z    0x2ea6a0        task?[225]      AD9362 reg: 166, val:  0
2000-01-01 00:02:00Z    0x2ea6a0        task?[225]      AD9362 reg: 167, val:  0
2000-01-01 00:02:00Z    0x2ea6a0        task?[225]      AD9362 reg: 168, val:  0
2000-01-01 00:02:00Z    0x2ea6a0        task?[225]      AD9362 reg: 169, val: cf
2000-01-01 00:02:00Z    0x2ea6a0        task?[225]      AD9362 reg: 16a, val: 75
2000-01-01 00:02:00Z    0x2ea6a0        task?[225]      AD9362 reg: 16b, val: 95
2000-01-01 00:02:00Z    0x2ea6a0        task?[225]      AD9362 reg: 16c, val: ff
2000-01-01 00:02:00Z    0x2ea6a0        task?[225]      AD9362 reg: 16d, val:  0
2000-01-01 00:02:00Z    0x2ea6a0        task?[225]      AD9362 reg: 16e, val:  b
2000-01-01 00:02:00Z    0x2ea6a0        task?[225]      AD9362 reg: 16f, val: 18
2000-01-01 00:02:00Z    0x2ea6a0        task?[225]      AD9362 reg: 170, val:  b
2000-01-01 00:02:00Z    0x2ea6a0        task?[225]      AD9362 reg: 171, val: 21
2000-01-01 00:02:00Z    0x2ea6a0        task?[225]      AD9362 reg: 172, val:  5
2000-01-01 00:02:00Z    0x2ea6a0        task?[225]      AD9362 reg: 173, val: 36
2000-01-01 00:02:00Z    0x2ea6a0        task?[225]      AD9362 reg: 174, val: e4
2000-01-01 00:02:00Z    0x2ea6a0        task?[225]      AD9362 reg: 175, val: cf
2000-01-01 00:02:00Z    0x2ea6a0        task?[225]      AD9362 reg: 176, val: 7e
2000-01-01 00:02:00Z    0x2ea6a0        task?[225]      AD9362 reg: 177, val: 7b
2000-01-01 00:02:00Z    0x2ea6a0        task?[225]      AD9362 reg: 178, val: fd
2000-01-01 00:02:00Z    0x2ea6a0        task?[225]      AD9362 reg: 179, val:  0
2000-01-01 00:02:00Z    0x338c0 tIntrTask3       max pwr 0-0 0-0, vld null 0 1, corr_offset 0 0, rb_pwr_max 0, fast_det_cnt 0, at 2959 
2000-01-01 00:02:00Z    0x338c0 tIntrTask3       max pwr 0-0 0-0, vld null 0 1, corr_offset 0 0, rb_pwr_max 0, fast_det_cnt 0, at 2975 
2000-01-01 00:02:00Z    0x2ea6a0        task?[225]      AD9362 reg: 17a, val:  0
2000-01-01 00:02:00Z    0x2ea6a0        task?[225]      AD9362 reg: 17b, val:  0
2000-01-01 00:02:00Z    0x2ea6a0        task?[225]      AD9362 reg: 17c, val:  0
2000-01-01 00:02:00Z    0x2ea6a0        task?[225]      AD9362 reg: 17d, val: e4
2000-01-01 00:02:00Z    0x2ea6a0        task?[225]      AD9362 reg: 17e, val: cf
2000-01-01 00:02:00Z    0x2ea6a0        task?[225]      AD9362 reg: 17f, val: 7e
2000-01-01 00:02:00Z    0x2ea6a0        task?[225]      AD9362 reg: 180, val: 7b
2000-01-01 00:02:00Z    0x2ea6a0        task?[225]      AD9362 reg: 181, val: fd
2000-01-01 00:02:00Z    0x2ea6a0        task?[225]      AD9362 reg: 182, val:  0
2000-01-01 00:02:00Z    0x2ea6a0        task?[225]      AD9362 reg: 183, val:  0
2000-01-01 00:02:00Z    0x2ea6a0        task?[225]      AD9362 reg: 184, val:  0
2000-01-01 00:02:00Z    0x2ea6a0        task?[225]      AD9362 reg: 185, val: 20
2000-01-01 00:02:00Z    0x2ea6a0        task?[225]      AD9362 reg: 186, val: 32
2000-01-01 00:02:00Z    0x2ea6a0        task?[225]      AD9362 reg: 187, val: 24
2000-01-01 00:02:00Z    0x2ea6a0        task?[225]      AD9362 reg: 188, val:  5
2000-01-01 00:02:00Z    0x338c0 tIntrTask3       max pwr 0-0 0-0, vld null 0 1, corr_offset 0 0, rb_pwr_max 0, fast_det_cnt 0, at 2991 
2000-01-01 00:02:00Z    0x2ea6a0        task?[225]      AD9362 reg: 189, val: 30
2000-01-01 00:02:00Z    0x2ea6a0        task?[225]      AD9362 reg: 18a, val: ff
2000-01-01 00:02:00Z    0x2ea6a0        task?[225]      AD9362 reg: 18b, val: ad
2000-01-01 00:02:00Z    0x2ea6a0        task?[225]      AD9362 reg: 18c, val:  0
2000-01-01 00:02:00Z    0x2ea6a0        task?[225]      AD9362 reg: 18d, val: 64
2000-01-01 00:02:00Z    0x2ea6a0        task?[225]      AD9362 reg: 18e, val:  0
2000-01-01 00:02:00Z    0x2ea6a0        task?[225]      AD9362 reg: 18f, val:  0
2000-01-01 00:02:00Z    0x2ea6a0        task?[225]      AD9362 reg: 190, val:  f
2000-01-01 00:02:00Z    0x2ea6a0        task?[225]      AD9362 reg: 191, val:  5
2000-01-01 00:02:00Z    0x2ea6a0        task?[225]      AD9362 reg: 192, val:  3
2000-01-01 00:02:00Z    0x2ea6a0        task?[225]      AD9362 reg: 193, val: 3f
2000-01-01 00:02:00Z    0x2ea6a0        task?[225]      AD9362 reg: 194, val:  1
2000-01-01 00:02:00Z    0x2ea6a0        task?[225]      AD9362 reg: 195, val:  0
2000-01-01 00:02:00Z    0x2ea6a0        task?[225]      AD9362 reg: 196, val:  0
2000-01-01 00:02:00Z    0x2ea6a0        task?[225]      AD9362 reg: 197, val:  0
2000-01-01 00:02:00Z    0x2ea6a0        task?[225]      AD9362 reg: 198, val:  0
2000-01-01 00:02:00Z    0x2ea6a0        task?[225]      AD9362 reg: 199, val:  0
2000-01-01 00:02:00Z    0x2ea6a0        task?[225]      AD9362 reg: 19a, val:  0
2000-01-01 00:02:00Z    0x2ea6a0        task?[225]      AD9362 reg: 19b, val: c4
2000-01-01 00:02:00Z    0x2ea6a0        task?[225]      AD9362 reg: 19c, val:  1
2000-01-01 00:02:00Z    0x2ea6a0        task?[225]      AD9362 reg: 19d, val: 6b
2000-01-01 00:02:00Z    0x2ea6a0        task?[225]      AD9362 reg: 19e, val:  0
2000-01-01 00:02:00Z    0x2ea6a0        task?[225]      AD9362 reg: 19f, val: 5a
2000-01-01 00:02:00Z    0x2ea6a0        task?[225]      AD9362 reg: 1a0, val: 7f
2000-01-01 00:02:01Z    0x2ea6a0        task?[225]      AD9362 reg: 1a1, val: 62
2000-01-01 00:02:01Z    0x2ea6a0        task?[225]      AD9362 reg: 1a2, val:  0
2000-01-01 00:02:01Z    0x2ea6a0        task?[225]      AD9362 reg: 1a3, val:  0
2000-01-01 00:02:01Z    0x2ea6a0        task?[225]      AD9362 reg: 1a4, val:  0
2000-01-01 00:02:01Z    0x2ea6a0        task?[225]      AD9362 reg: 1a5, val:  0
2000-01-01 00:02:01Z    0x2ea6a0        task?[225]      AD9362 reg: 1a6, val:  0
2000-01-01 00:02:01Z    0x2ea6a0        task?[225]      AD9362 reg: 1a7, val: a9
2000-01-01 00:02:01Z    0x2ea6a0        task?[225]      AD9362 reg: 1a8, val: 8a
2000-01-01 00:02:01Z    0x2ea6a0        task?[225]      AD9362 reg: 1a9, val: a9
2000-01-01 00:02:01Z    0x338c0 tIntrTask3       max pwr 0-0 0-0, vld null 0 1, corr_offset 0 0, rb_pwr_max 0, fast_det_cnt 0, at 3007 
2000-01-01 00:02:01Z    0x2ea6a0        task?[225]      AD9362 reg: 1aa, val: 87
2000-01-01 00:02:01Z    0x2ea6a0        task?[225]      AD9362 reg: 1ab, val:  3
2000-01-01 00:02:01Z    0x2ea6a0        task?[225]      AD9362 reg: 1ac, val:  2
2000-01-01 00:02:01Z    0x2ea6a0        task?[225]      AD9362 reg: 1ad, val: 50
2000-01-01 00:02:01Z    0x2ea6a0        task?[225]      AD9362 reg: 1ae, val:  0
2000-01-01 00:02:01Z    0x2ea6a0        task?[225]      AD9362 reg: 1af, val:  0
2000-01-01 00:02:01Z    0x2ea6a0        task?[225]      AD9362 reg: 1b0, val: 77
2000-01-01 00:02:01Z    0x2ea6a0        task?[225]      AD9362 reg: 1b1, val:  7
2000-01-01 00:02:01Z    0x2ea6a0        task?[225]      AD9362 reg: 1b2, val: c0
2000-01-01 00:02:01Z    0x2ea6a0        task?[225]      AD9362 reg: 1b3, val:  3
2000-01-01 00:02:01Z    0x2ea6a0        task?[225]      AD9362 reg: 1b4, val:  0
2000-01-01 00:02:01Z    0x2ea6a0        task?[225]      AD9362 reg: 1b5, val:  0
2000-01-01 00:02:01Z    0x2ea6a0        task?[225]      AD9362 reg: 1b6, val:  0
2000-01-01 00:02:01Z    0x2ea6a0        task?[225]      AD9362 reg: 1b7, val:  0
2000-01-01 00:02:01Z    0x2ea6a0        task?[225]      AD9362 reg: 1b8, val:  8
2000-01-01 00:02:01Z    0x2ea6a0        task?[225]      AD9362 reg: 1b9, val:  7
2000-01-01 00:02:01Z    0x2ea6a0        task?[225]      AD9362 reg: 1ba, val: c0
2000-01-01 00:02:01Z    0x2ea6a0        task?[225]      AD9362 reg: 1bb, val:  3
2000-01-01 00:02:01Z    0x2ea6a0        task?[225]      AD9362 reg: 1bc, val:  8
2000-01-01 00:02:01Z    0x2ea6a0        task?[225]      AD9362 reg: 1bd, val:  7
2000-01-01 00:02:01Z    0x2ea6a0        task?[225]      AD9362 reg: 1be, val: c0
2000-01-01 00:02:01Z    0x2ea6a0        task?[225]      AD9362 reg: 1bf, val:  3
2000-01-01 00:02:01Z    0x2ea6a0        task?[225]      AD9362 reg: 1c0, val:  3
2000-01-01 00:02:01Z    0x2ea6a0        task?[225]      AD9362 reg: 1c1, val: 15
2000-01-01 00:02:01Z    0x2ea6a0        task?[225]      AD9362 reg: 1c2, val:  0
2000-01-01 00:02:01Z    0x2ea6a0        task?[225]      AD9362 reg: 1c3, val: 15
2000-01-01 00:02:01Z    0x2ea6a0        task?[225]      AD9362 reg: 1c4, val:  0
2000-01-01 00:02:01Z    0x2ea6a0        task?[225]      AD9362 reg: 1c5, val:  0
2000-01-01 00:02:01Z    0x2ea6a0        task?[225]      AD9362 reg: 1c6, val:  0
2000-01-01 00:02:01Z    0x2ea6a0        task?[225]      AD9362 reg: 1c7, val:  0
2000-01-01 00:02:01Z    0x2ea6a0        task?[225]      AD9362 reg: 1c8, val:  0
2000-01-01 00:02:01Z    0x2ea6a0        task?[225]      AD9362 reg: 1c9, val:  0
2000-01-01 00:02:01Z    0x2ea6a0        task?[225]      AD9362 reg: 1ca, val:  0
2000-01-01 00:02:01Z    0x2ea6a0        task?[225]      AD9362 reg: 1cb, val:  0
2000-01-01 00:02:01Z    0x2ea6a0        task?[225]      AD9362 reg: 1cc, val:  0
2000-01-01 00:02:01Z    0x2ea6a0        task?[225]      AD9362 reg: 1cd, val:  0
2000-01-01 00:02:01Z    0x2ea6a0        task?[225]      AD9362 reg: 1ce, val:  0
2000-01-01 00:02:01Z    0x2ea6a0        task?[225]      AD9362 reg: 1cf, val:  0
2000-01-01 00:02:01Z    0x2ea6a0        task?[225]      AD9362 reg: 1d0, val:  0
2000-01-01 00:02:01Z    0x2ea6a0        task?[225]      AD9362 reg: 1d1, val:  0
2000-01-01 00:02:01Z    0x2ea6a0        task?[225]      AD9362 reg: 1d2, val:  0
2000-01-01 00:02:01Z    0x2ea6a0        task?[225]      AD9362 reg: 1d3, val:  0
2000-01-01 00:02:01Z    0x2ea6a0        task?[225]      AD9362 reg: 1d4, val:  0
2000-01-01 00:02:01Z    0x2ea6a0        task?[225]      AD9362 reg: 1d5, val: 3f
2000-01-01 00:02:01Z    0x2ea6a0        task?[225]      AD9362 reg: 1d6, val: 4f
2000-01-01 00:02:01Z    0x2ea6a0        task?[225]      AD9362 reg: 1d7, val: 13
2000-01-01 00:02:01Z    0x2ea6a0        task?[225]      AD9362 reg: 1d8, val:  0
2000-01-01 00:02:01Z    0x2ea6a0        task?[225]      AD9362 reg: 1d9, val:  0
2000-01-01 00:02:01Z    0x2ea6a0        task?[225]      AD9362 reg: 1da, val:  0
2000-01-01 00:02:01Z    0x2ea6a0        task?[225]      AD9362 reg: 1db, val: 20
2000-01-01 00:02:01Z    0x338c0 tIntrTask3       max pwr 0-0 0-0, vld null 0 1, corr_offset 0 0, rb_pwr_max 0, fast_det_cnt 0, at 3023 
2000-01-01 00:02:01Z    0x2ea6a0        task?[225]      AD9362 reg: 1dc, val: 4d
2000-01-01 00:02:01Z    0x2ea6a0        task?[225]      AD9362 reg: 1dd, val:  0
2000-01-01 00:02:01Z    0x2ea6a0        task?[225]      AD9362 reg: 1de, val: 4d
2000-01-01 00:02:01Z    0x2ea6a0        task?[225]      AD9362 reg: 1df, val:  0
2000-01-01 00:02:01Z    0x2ea6a0        task?[225]      AD9362 reg: 1e0, val:  8
2000-01-01 00:02:01Z    0x2ea6a0        task?[225]      AD9362 reg: 1e1, val:  8
2000-01-01 00:02:01Z    0x2ea6a0        task?[225]      AD9362 reg: 1e2, val:  3
2000-01-01 00:02:01Z    0x2ea6a0        task?[225]      AD9362 reg: 1e3, val:  3
2000-01-01 00:02:01Z    0x2ea6a0        task?[225]      AD9362 reg: 1e4, val: 98
2000-01-01 00:02:01Z    0x2ea6a0        task?[225]      AD9362 reg: 1e5, val: 98
2000-01-01 00:02:01Z    0x2ea6a0        task?[225]      AD9362 reg: 1e6, val:  1
2000-01-01 00:02:01Z    0x2ea6a0        task?[225]      AD9362 reg: 1e7, val:  0
2000-01-01 00:02:01Z    0x2ea6a0        task?[225]      AD9362 reg: 1e8, val: 11
2000-01-01 00:02:01Z    0x2ea6a0        task?[225]      AD9362 reg: 1e9, val:  0
2000-01-01 00:02:01Z    0x2ea6a0        task?[225]      AD9362 reg: 1ea, val: 11
2000-01-01 00:02:01Z    0x2ea6a0        task?[225]      AD9362 reg: 1eb, val:  0
2000-01-01 00:02:01Z    0x2ea6a0        task?[225]      AD9362 reg: 1ec, val: 11
2000-01-01 00:02:01Z    0x2ea6a0        task?[225]      AD9362 reg: 1ed, val:  4
2000-01-01 00:02:01Z    0x2ea6a0        task?[225]      AD9362 reg: 1ee, val: 60
2000-01-01 00:02:01Z    0x2ea6a0        task?[225]      AD9362 reg: 1ef, val:  4
2000-01-01 00:02:01Z    0x2ea6a0        task?[225]      AD9362 reg: 1f0, val: cc
2000-01-01 00:02:01Z    0x2ea6a0        task?[225]      AD9362 reg: 1f1, val:  4
2000-01-01 00:02:01Z    0x2ea6a0        task?[225]      AD9362 reg: 1f2, val:  0
2000-01-01 00:02:01Z    0x2ea6a0        task?[225]      AD9362 reg: 1f3, val: 2f
2000-01-01 00:02:01Z    0x2ea6a0        task?[225]      AD9362 reg: 1f4, val:  0
2000-01-01 00:02:01Z    0x2ea6a0        task?[225]      AD9362 reg: 1f5, val:  0
2000-01-01 00:02:01Z    0x2ea6a0        task?[225]      AD9362 reg: 1f6, val:  0
2000-01-01 00:02:01Z    0x2ea6a0        task?[225]      AD9362 reg: 1f7, val:  0
2000-01-01 00:02:01Z    0x2ea6a0        task?[225]      AD9362 reg: 1f8, val:  4
2000-01-01 00:02:01Z    0x2ea6a0        task?[225]      AD9362 reg: 1f9, val: 1e
2000-01-01 00:02:01Z    0x2ea6a0        task?[225]      AD9362 reg: 1fa, val:  1
2000-01-01 00:02:01Z    0x2ea6a0        task?[225]      AD9362 reg: 1fb, val: 14
2000-01-01 00:02:01Z    0x2ea6a0        task?[225]      AD9362 reg: 1fc, val:  0
2000-01-01 00:02:01Z    0x2ea6a0        task?[225]      AD9362 reg: 1fd, val:  0
2000-01-01 00:02:01Z    0x2ea6a0        task?[225]      AD9362 reg: 1fe, val:  0
2000-01-01 00:02:01Z    0x2ea6a0        task?[225]      AD9362 reg: 1ff, val:  0
2000-01-01 00:02:01Z    0x2ea6a0        task?[225]      AD9362 reg: 200, val:  0
2000-01-01 00:02:01Z    0x2ea6a0        task?[225]      AD9362 reg: 201, val:  0
2000-01-01 00:02:01Z    0x2ea6a0        task?[225]      AD9362 reg: 202, val:  0
2000-01-01 00:02:01Z    0x2ea6a0        task?[225]      AD9362 reg: 203, val: 24
2000-01-01 00:02:01Z    0x2ea6a0        task?[225]      AD9362 reg: 204, val: 24
2000-01-01 00:02:01Z    0x2ea6a0        task?[225]      AD9362 reg: 205, val:  0
2000-01-01 00:02:01Z    0x2ea6a0        task?[225]      AD9362 reg: 206, val:  0
2000-01-01 00:02:01Z    0x2ea6a0        task?[225]      AD9362 reg: 207, val: 7c
2000-01-01 00:02:01Z    0x2ea6a0        task?[225]      AD9362 reg: 208, val: 28
2000-01-01 00:02:01Z    0x2ea6a0        task?[225]      AD9362 reg: 209, val: 3d
2000-01-01 00:02:01Z    0x2ea6a0        task?[225]      AD9362 reg: 20a, val: 4d
2000-01-01 00:02:01Z    0x2ea6a0        task?[225]      AD9362 reg: 20b, val: 1a
2000-01-01 00:02:01Z    0x2ea6a0        task?[225]      AD9362 reg: 20c, val: 50
2000-01-01 00:02:01Z    0x2ea6a0        task?[225]      AD9362 reg: 20d, val: 18
2000-01-01 00:02:01Z    0x2ea6a0        task?[225]      AD9362 reg: 20e, val:  0
2000-01-01 00:02:01Z    0x2ea6a0        task?[225]      AD9362 reg: 20f, val: 7f
2000-01-01 00:02:01Z    0x2ea6a0        task?[225]      AD9362 reg: 210, val: 7f
2000-01-01 00:02:01Z    0x2ea6a0        task?[225]      AD9362 reg: 211, val: 7f
2000-01-01 00:02:01Z    0x2ea6a0        task?[225]      AD9362 reg: 212, val: 4b
2000-01-01 00:02:01Z    0x2ea6a0        task?[225]      AD9362 reg: 213, val: 4b
2000-01-01 00:02:01Z    0x2ea6a0        task?[225]      AD9362 reg: 214, val: 4b
2000-01-01 00:02:01Z    0x2ea6a0        task?[225]      AD9362 reg: 215, val: 4e
2000-01-01 00:02:01Z    0x2ea6a0        task?[225]      AD9362 reg: 216, val: 4e
2000-01-01 00:02:01Z    0x2ea6a0        task?[225]      AD9362 reg: 217, val: 4e
2000-01-01 00:02:01Z    0x2ea6a0        task?[225]      AD9362 reg: 218, val: 2e
2000-01-01 00:02:01Z    0x2ea6a0        task?[225]      AD9362 reg: 219, val: b0
2000-01-01 00:02:01Z    0x2ea6a0        task?[225]      AD9362 reg: 21a, val: 31
2000-01-01 00:02:01Z    0x2ea6a0        task?[225]      AD9362 reg: 21b, val: 1c
2000-01-01 00:02:01Z    0x2ea6a0        task?[225]      AD9362 reg: 21c, val: b0
2000-01-01 00:02:01Z    0x2ea6a0        task?[225]      AD9362 reg: 21d, val: 31
2000-01-01 00:02:01Z    0x2ea6a0        task?[225]      AD9362 reg: 21e, val: 1c
2000-01-01 00:02:01Z    0x2ea6a0        task?[225]      AD9362 reg: 21f, val: b0
2000-01-01 00:02:01Z    0x2ea6a0        task?[225]      AD9362 reg: 220, val: 31
2000-01-01 00:02:01Z    0x2ea6a0        task?[225]      AD9362 reg: 221, val: 37
2000-01-01 00:02:01Z    0x2ea6a0        task?[225]      AD9362 reg: 222, val: 38
2000-01-01 00:02:01Z    0x2ea6a0        task?[225]      AD9362 reg: 223, val: 40
2000-01-01 00:02:01Z    0x2ea6a0        task?[225]      AD9362 reg: 224, val: 40
2000-01-01 00:02:01Z    0x2ea6a0        task?[225]      AD9362 reg: 225, val: 2c
2000-01-01 00:02:01Z    0x2ea6a0        task?[225]      AD9362 reg: 226, val:  0
2000-01-01 00:02:01Z    0x2ea6a0        task?[225]      AD9362 reg: 227, val:  0
2000-01-01 00:02:01Z    0x2ea6a0        task?[225]      AD9362 reg: 228, val:  0
2000-01-01 00:02:01Z    0x2ea6a0        task?[225]      AD9362 reg: 229, val:  0
2000-01-01 00:02:01Z    0x2ea6a0        task?[225]      AD9362 reg: 22a, val:  0
2000-01-01 00:02:01Z    0x2ea6a0        task?[225]      AD9362 reg: 22b, val:  0
2000-01-01 00:02:01Z    0x2ea6a0        task?[225]      AD9362 reg: 22c, val:  0
2000-01-01 00:02:01Z    0x2ea6a0        task?[225]      AD9362 reg: 22d, val:  0
2000-01-01 00:02:01Z    0x2ea6a0        task?[225]      AD9362 reg: 22e, val:  0
2000-01-01 00:02:01Z    0x2ea6a0        task?[225]      AD9362 reg: 22f, val:  0
2000-01-01 00:02:01Z    0x2ea6a0        task?[225]      AD9362 reg: 230, val: 54
2000-01-01 00:02:01Z    0x2ea6a0        task?[225]      AD9362 reg: 231, val: 98
2000-01-01 00:02:01Z    0x2ea6a0        task?[225]      AD9362 reg: 232, val:  0
2000-01-01 00:02:01Z    0x2ea6a0        task?[225]      AD9362 reg: 233, val: 4c
2000-01-01 00:02:01Z    0x2ea6a0        task?[225]      AD9362 reg: 234, val: 55
2000-01-01 00:02:01Z    0x2ea6a0        task?[225]      AD9362 reg: 235, val: 4d
2000-01-01 00:02:01Z    0x2ea6a0        task?[225]      AD9362 reg: 236, val: 56
2000-01-01 00:02:01Z    0x2ea6a0        task?[225]      AD9362 reg: 237, val: 67
2000-01-01 00:02:01Z    0x2ea6a0        task?[225]      AD9362 reg: 238, val: 70
2000-01-01 00:02:01Z    0x2ea6a0        task?[225]      AD9362 reg: 239, val: c0
2000-01-01 00:02:01Z    0x2ea6a0        task?[225]      AD9362 reg: 23a, val: 4a
2000-01-01 00:02:01Z    0x2ea6a0        task?[225]      AD9362 reg: 23b, val: 94
2000-01-01 00:02:01Z    0x2ea6a0        task?[225]      AD9362 reg: 23c, val:  0
2000-01-01 00:02:01Z    0x2ea6a0        task?[225]      AD9362 reg: 23d, val:  0
2000-01-01 00:02:01Z    0x2ea6a0        task?[225]      AD9362 reg: 23e, val: f4
2000-01-01 00:02:01Z    0x2ea6a0        task?[225]      AD9362 reg: 23f, val: df
2000-01-01 00:02:01Z    0x2ea6a0        task?[225]      AD9362 reg: 240, val:  a
2000-01-01 00:02:01Z    0x2ea6a0        task?[225]      AD9362 reg: 241, val:  0
2000-01-01 00:02:01Z    0x2ea6a0        task?[225]      AD9362 reg: 242, val:  d
2000-01-01 00:02:01Z    0x2ea6a0        task?[225]      AD9362 reg: 243, val:  d
2000-01-01 00:02:01Z    0x2ea6a0        task?[225]      AD9362 reg: 244, val: 28
2000-01-01 00:02:01Z    0x2ea6a0        task?[225]      AD9362 reg: 245, val:  0
2000-01-01 00:02:01Z    0x2ea6a0        task?[225]      AD9362 reg: 246, val:  2
2000-01-01 00:02:01Z    0x2ea6a0        task?[225]      AD9362 reg: 247, val:  2
2000-01-01 00:02:01Z    0x2ea6a0        task?[225]      AD9362 reg: 248, val:  b
2000-01-01 00:02:01Z    0x2ea6a0        task?[225]      AD9362 reg: 249, val: 8e
2000-01-01 00:02:01Z    0x2ea6a0        task?[225]      AD9362 reg: 24a, val:  2
2000-01-01 00:02:01Z    0x2ea6a0        task?[225]      AD9362 reg: 24b, val: 40
2000-01-01 00:02:01Z    0x2ea6a0        task?[225]      AD9362 reg: 24c, val:  0
2000-01-01 00:02:01Z    0x2ea6a0        task?[225]      AD9362 reg: 24d, val: 80
2000-01-01 00:02:01Z    0x2ea6a0        task?[225]      AD9362 reg: 24e, val:  0
2000-01-01 00:02:01Z    0x2ea6a0        task?[225]      AD9362 reg: 24f, val:  0
2000-01-01 00:02:01Z    0x2ea6a0        task?[225]      AD9362 reg: 250, val: 70
2000-01-01 00:02:01Z    0x2ea6a0        task?[225]      AD9362 reg: 251, val:  9
2000-01-01 00:02:01Z    0x2ea6a0        task?[225]      AD9362 reg: 252, val:  0
2000-01-01 00:02:01Z    0x2ea6a0        task?[225]      AD9362 reg: 253, val:  0
2000-01-01 00:02:01Z    0x2ea6a0        task?[225]      AD9362 reg: 254, val:  0
2000-01-01 00:02:01Z    0x2ea6a0        task?[225]      AD9362 reg: 255, val:  0
2000-01-01 00:02:01Z    0x2ea6a0        task?[225]      AD9362 reg: 256, val:  0
2000-01-01 00:02:01Z    0x2ea6a0        task?[225]      AD9362 reg: 257, val:  0
2000-01-01 00:02:01Z    0x2ea6a0        task?[225]      AD9362 reg: 258, val:  0
2000-01-01 00:02:01Z    0x2ea6a0        task?[225]      AD9362 reg: 259, val:  0
2000-01-01 00:02:01Z    0x2ea6a0        task?[225]      AD9362 reg: 25a, val:  0
2000-01-01 00:02:01Z    0x2ea6a0        task?[225]      AD9362 reg: 25b, val:  0
2000-01-01 00:02:01Z    0x2ea6a0        task?[225]      AD9362 reg: 25c, val: 67
2000-01-01 00:02:01Z    0x2ea6a0        task?[225]      AD9362 reg: 25d, val: d2
2000-01-01 00:02:01Z    0x2ea6a0        task?[225]      AD9362 reg: 25e, val: d2
2000-01-01 00:02:01Z    0x2ea6a0        task?[225]      AD9362 reg: 25f, val:  0
2000-01-01 00:02:01Z    0x2ea6a0        task?[225]      AD9362 reg: 260, val:  0
2000-01-01 00:02:01Z    0x2ea6a0        task?[225]      AD9362 reg: 261, val:  0
2000-01-01 00:02:01Z    0x2ea6a0        task?[225]      AD9362 reg: 262, val:  0
2000-01-01 00:02:01Z    0x2ea6a0        task?[225]      AD9362 reg: 263, val:  0
2000-01-01 00:02:01Z    0x2ea6a0        task?[225]      AD9362 reg: 264, val:  0
2000-01-01 00:02:01Z    0x2ea6a0        task?[225]      AD9362 reg: 265, val:  0
2000-01-01 00:02:01Z    0x2ea6a0        task?[225]      AD9362 reg: 266, val:  0
2000-01-01 00:02:01Z    0x2ea6a0        task?[225]      AD9362 reg: 267, val:  0
2000-01-01 00:02:01Z    0x2ea6a0        task?[225]      AD9362 reg: 268, val:  0
2000-01-01 00:02:01Z    0x2ea6a0        task?[225]      AD9362 reg: 269, val:  0
2000-01-01 00:02:01Z    0x2ea6a0        task?[225]      AD9362 reg: 26a, val:  0
2000-01-01 00:02:01Z    0x2ea6a0        task?[225]      AD9362 reg: 26b, val:  0
2000-01-01 00:02:01Z    0x2ea6a0        task?[225]      AD9362 reg: 26c, val:  0
2000-01-01 00:02:01Z    0x2ea6a0        task?[225]      AD9362 reg: 26d, val:  0
2000-01-01 00:02:01Z    0x2ea6a0        task?[225]      AD9362 reg: 26e, val:  0
2000-01-01 00:02:01Z    0x2ea6a0        task?[225]      AD9362 reg: 26f, val:  0
2000-01-01 00:02:01Z    0x2ea6a0        task?[225]      AD9362 reg: 270, val: 54
2000-01-01 00:02:01Z    0x2ea6a0        task?[225]      AD9362 reg: 271, val: 98
2000-01-01 00:02:01Z    0x2ea6a0        task?[225]      AD9362 reg: 272, val:  0
2000-01-01 00:02:01Z    0x2ea6a0        task?[225]      AD9362 reg: 273, val: 4c
2000-01-01 00:02:01Z    0x2ea6a0        task?[225]      AD9362 reg: 274, val: 55
2000-01-01 00:02:01Z    0x2ea6a0        task?[225]      AD9362 reg: 275, val: 4d
2000-01-01 00:02:01Z    0x2ea6a0        task?[225]      AD9362 reg: 276, val: 51
2000-01-01 00:02:01Z    0x2ea6a0        task?[225]      AD9362 reg: 277, val: 67
2000-01-01 00:02:01Z    0x2ea6a0        task?[225]      AD9362 reg: 278, val: 70
2000-01-01 00:02:01Z    0x2ea6a0        task?[225]      AD9362 reg: 279, val: c0
2000-01-01 00:02:01Z    0x2ea6a0        task?[225]      AD9362 reg: 27a, val: 4a
2000-01-01 00:02:01Z    0x2ea6a0        task?[225]      AD9362 reg: 27b, val: 94
2000-01-01 00:02:01Z    0x2ea6a0        task?[225]      AD9362 reg: 27c, val:  0
2000-01-01 00:02:01Z    0x2ea6a0        task?[225]      AD9362 reg: 27d, val:  0
2000-01-01 00:02:01Z    0x2ea6a0        task?[225]      AD9362 reg: 27e, val: f4
2000-01-01 00:02:01Z    0x2ea6a0        task?[225]      AD9362 reg: 27f, val: df
2000-01-01 00:02:01Z    0x2ea6a0        task?[225]      AD9362 reg: 280, val:  a
2000-01-01 00:02:01Z    0x2ea6a0        task?[225]      AD9362 reg: 281, val:  0
2000-01-01 00:02:01Z    0x2ea6a0        task?[225]      AD9362 reg: 282, val:  d
2000-01-01 00:02:01Z    0x2ea6a0        task?[225]      AD9362 reg: 283, val:  d
2000-01-01 00:02:01Z    0x2ea6a0        task?[225]      AD9362 reg: 284, val: 68
2000-01-01 00:02:01Z    0x2ea6a0        task?[225]      AD9362 reg: 285, val:  0
2000-01-01 00:02:01Z    0x2ea6a0        task?[225]      AD9362 reg: 286, val:  2
2000-01-01 00:02:01Z    0x2ea6a0        task?[225]      AD9362 reg: 287, val:  2
2000-01-01 00:02:01Z    0x2ea6a0        task?[225]      AD9362 reg: 288, val:  b
2000-01-01 00:02:01Z    0x2ea6a0        task?[225]      AD9362 reg: 289, val: 8e
2000-01-01 00:02:01Z    0x2ea6a0        task?[225]      AD9362 reg: 28a, val:  2
2000-01-01 00:02:01Z    0x2ea6a0        task?[225]      AD9362 reg: 28b, val: 40
2000-01-01 00:02:01Z    0x2ea6a0        task?[225]      AD9362 reg: 28c, val:  0
2000-01-01 00:02:01Z    0x2ea6a0        task?[225]      AD9362 reg: 28d, val: 80
2000-01-01 00:02:01Z    0x2ea6a0        task?[225]      AD9362 reg: 28e, val:  0
2000-01-01 00:02:01Z    0x2ea6a0        task?[225]      AD9362 reg: 28f, val:  0
2000-01-01 00:02:01Z    0x2ea6a0        task?[225]      AD9362 reg: 290, val: 70
2000-01-01 00:02:01Z    0x2ea6a0        task?[225]      AD9362 reg: 291, val:  9
2000-01-01 00:02:01Z    0x2ea6a0        task?[225]      AD9362 reg: 292, val:  0
2000-01-01 00:02:01Z    0x2ea6a0        task?[225]      AD9362 reg: 293, val:  0
2000-01-01 00:02:01Z    0x2ea6a0        task?[225]      AD9362 reg: 294, val:  0
2000-01-01 00:02:01Z    0x2ea6a0        task?[225]      AD9362 reg: 295, val: 14
2000-01-01 00:02:01Z    0x2ea6a0        task?[225]      AD9362 reg: 296, val:  0
2000-01-01 00:02:01Z    0x2ea6a0        task?[225]      AD9362 reg: 297, val:  0
2000-01-01 00:02:01Z    0x2ea6a0        task?[225]      AD9362 reg: 298, val:  0
2000-01-01 00:02:01Z    0x2ea6a0        task?[225]      AD9362 reg: 299, val: e0
2000-01-01 00:02:01Z    0x2ea6a0        task?[225]      AD9362 reg: 29a, val:  0
2000-01-01 00:02:01Z    0x2ea6a0        task?[225]      AD9362 reg: 29b, val:  0
2000-01-01 00:02:01Z    0x2ea6a0        task?[225]      AD9362 reg: 29c, val:  2
2000-01-01 00:02:01Z    0x2ea6a0        task?[225]      AD9362 reg: 29d, val: fa
2000-01-01 00:02:01Z    0x2ea6a0        task?[225]      AD9362 reg: 29e, val: fb
2000-01-01 00:02:01Z    0x2ea6a0        task?[225]      AD9362 reg: 29f, val:  0
2000-01-01 00:02:01Z    0x2ea6a0        task?[225]      AD9362 reg: 2a0, val:  0
2000-01-01 00:02:01Z    0x2ea6a0        task?[225]      AD9362 reg: 2a1, val:  0
2000-01-01 00:02:01Z    0x2ea6a0        task?[225]      AD9362 reg: 2a2, val:  0
2000-01-01 00:02:01Z    0x2ea6a0        task?[225]      AD9362 reg: 2a3, val:  0
2000-01-01 00:02:01Z    0x2ea6a0        task?[225]      AD9362 reg: 2a4, val:  0
2000-01-01 00:02:01Z    0x2ea6a0        task?[225]      AD9362 reg: 2a5, val:  0
2000-01-01 00:02:01Z    0x2ea6a0        task?[225]      AD9362 reg: 2a6, val:  e
2000-01-01 00:02:01Z    0x2ea6a0        task?[225]      AD9362 reg: 2a7, val:  0
2000-01-01 00:02:01Z    0x2ea6a0        task?[225]      AD9362 reg: 2a8, val:  e
2000-01-01 00:02:01Z    0x2ea6a0        task?[225]      AD9362 reg: 2a9, val:  0
2000-01-01 00:02:01Z    0x2ea6a0        task?[225]      AD9362 reg: 2aa, val:  0
2000-01-01 00:02:01Z    0x2ea6a0        task?[225]      AD9362 reg: 2ab, val:  6
2000-01-01 00:02:01Z    0x2ea6a0        task?[225]      AD9362 reg: 2ac, val: 73
2000-01-01 00:02:01Z    0x2ea6a0        task?[225]      AD9362 reg: 2ad, val:  0
2000-01-01 00:02:01Z    0x2ea6a0        task?[225]      AD9362 reg: 2ae, val:  0
2000-01-01 00:02:01Z    0x2ea6a0        task?[225]      AD9362 reg: 2af, val:  0
2000-01-01 00:02:01Z    0x2ea6a0        task?[225]      AD9362 reg: 2b0, val: 14
2000-01-01 00:02:01Z    0x2ea6a0        task?[225]      AD9362 reg: 2b1, val:  0
2000-01-01 00:02:01Z    0x2ea6a0        task?[225]      AD9362 reg: 2b2, val:  0
2000-01-01 00:02:01Z    0x2ea6a0        task?[225]      AD9362 reg: 2b3, val:  0
2000-01-01 00:02:01Z    0x2ea6a0        task?[225]      AD9362 reg: 2b4, val:  0
2000-01-01 00:02:01Z    0x2ea6a0        task?[225]      AD9362 reg: 2b5, val: 14
2000-01-01 00:02:01Z    0x2ea6a0        task?[225]      AD9362 reg: 2b6, val:  0
2000-01-01 00:02:01Z    0x2ea6a0        task?[225]      AD9362 reg: 2b7, val:  0
2000-01-01 00:02:01Z    0x2ea6a0        task?[225]      AD9362 reg: 2b8, val:  0
2000-01-01 00:02:01Z    0x2ea6a0        task?[225]      AD9362 reg: 2b9, val:  0
2000-01-01 00:02:01Z    0x2ea6a0        task?[225]      AD9362 reg: 2ba, val:  0
2000-01-01 00:02:01Z    0x2ea6a0        task?[225]      AD9362 reg: 2bb, val:  0
2000-01-01 00:02:02Z    0x2ea6a0        task?[225]      AD9362 reg: 2bc, val:  0
2000-01-01 00:02:02Z    0x2ea6a0        task?[225]      AD9362 reg: 2bd, val:  0
2000-01-01 00:02:02Z    0x2ea6a0        task?[225]      AD9362 reg: 2be, val:  0
2000-01-01 00:02:02Z    0x2ea6a0        task?[225]      AD9362 reg: 2bf, val:  0
2000-01-01 00:02:02Z    0x2ea6a0        task?[225]      AD9362 reg: 2c0, val:  0
2000-01-01 00:02:02Z    0x2ea6a0        task?[225]      AD9362 reg: 2c1, val:  0
2000-01-01 00:02:02Z    0x2ea6a0        task?[225]      AD9362 reg: 2c2, val:  0
2000-01-01 00:02:02Z    0x2ea6a0        task?[225]      AD9362 reg: 2c3, val:  0
2000-01-01 00:02:02Z    0x2ea6a0        task?[225]      AD9362 reg: 2c4, val:  0
2000-01-01 00:02:02Z    0x2ea6a0        task?[225]      AD9362 reg: 2c5, val:  0
2000-01-01 00:02:02Z    0x2ea6a0        task?[225]      AD9362 reg: 2c6, val:  0
2000-01-01 00:02:02Z    0x2ea6a0        task?[225]      AD9362 reg: 2c7, val:  0
2000-01-01 00:02:02Z    0x2ea6a0        task?[225]      AD9362 reg: 2c8, val:  0
2000-01-01 00:02:02Z    0x2ea6a0        task?[225]      AD9362 reg: 2c9, val:  0
2000-01-01 00:02:02Z    0x2ea6a0        task?[225]      AD9362 reg: 2ca, val:  0
2000-01-01 00:02:02Z    0x2ea6a0        task?[225]      AD9362 reg: 2cb, val:  0
2000-01-01 00:02:02Z    0x2ea6a0        task?[225]      AD9362 reg: 2cc, val:  0
2000-01-01 00:02:02Z    0x2ea6a0        task?[225]      AD9362 reg: 2cd, val:  0
2000-01-01 00:02:02Z    0x2ea6a0        task?[225]      AD9362 reg: 2ce, val:  0
2000-01-01 00:02:02Z    0x2ea6a0        task?[225]      AD9362 reg: 2cf, val:  0
2000-01-01 00:02:02Z    0x2ea6a0        task?[225]      AD9362 reg: 2d0, val:  0
2000-01-01 00:02:02Z    0x2ea6a0        task?[225]      AD9362 reg: 2d1, val:  0
2000-01-01 00:02:02Z    0x2ea6a0        task?[225]      AD9362 reg: 2d2, val:  0
2000-01-01 00:02:02Z    0x2ea6a0        task?[225]      AD9362 reg: 2d3, val:  0
2000-01-01 00:02:02Z    0x2ea6a0        task?[225]      AD9362 reg: 2d4, val:  0
2000-01-01 00:02:02Z    0x2ea6a0        task?[225]      AD9362 reg: 2d5, val:  0
2000-01-01 00:02:02Z    0x2ea6a0        task?[225]      AD9362 reg: 2d6, val:  0
2000-01-01 00:02:02Z    0x2ea6a0        task?[225]      AD9362 reg: 2d7, val:  0
2000-01-01 00:02:02Z    0x2ea6a0        task?[225]      AD9362 reg: 2d8, val:  0
2000-01-01 00:02:02Z    0x2ea6a0        task?[225]      AD9362 reg: 2d9, val:  0
2000-01-01 00:02:02Z    0x2ea6a0        task?[225]      AD9362 reg: 2da, val:  0
2000-01-01 00:02:02Z    0x2ea6a0        task?[225]      AD9362 reg: 2db, val:  0
2000-01-01 00:02:02Z    0x2ea6a0        task?[225]      AD9362 reg: 2dc, val:  0
2000-01-01 00:02:02Z    0x2ea6a0        task?[225]      AD9362 reg: 2dd, val:  0
2000-01-01 00:02:02Z    0x2ea6a0        task?[225]      AD9362 reg: 2de, val:  0
2000-01-01 00:02:02Z    0x2ea6a0        task?[225]      AD9362 reg: 2df, val:  0
2000-01-01 00:02:02Z    0x2ea6a0        task?[225]      AD9362 reg: 2e0, val:  0
2000-01-01 00:02:02Z    0x2ea6a0        task?[225]      AD9362 reg: 2e1, val:  0
2000-01-01 00:02:02Z    0x2ea6a0        task?[225]      AD9362 reg: 2e2, val:  0
2000-01-01 00:02:02Z    0x2ea6a0        task?[225]      AD9362 reg: 2e3, val:  0
2000-01-01 00:02:02Z    0x2ea6a0        task?[225]      AD9362 reg: 2e4, val:  0
2000-01-01 00:02:02Z    0x2ea6a0        task?[225]      AD9362 reg: 2e5, val:  0
2000-01-01 00:02:02Z    0x2ea6a0        task?[225]      AD9362 reg: 2e6, val:  0
2000-01-01 00:02:02Z    0x2ea6a0        task?[225]      AD9362 reg: 2e7, val:  0
2000-01-01 00:02:02Z    0x2ea6a0        task?[225]      AD9362 reg: 2e8, val:  0
2000-01-01 00:02:02Z    0x2ea6a0        task?[225]      AD9362 reg: 2e9, val:  0
2000-01-01 00:02:02Z    0x2ea6a0        task?[225]      AD9362 reg: 2ea, val:  0
2000-01-01 00:02:02Z    0x2ea6a0        task?[225]      AD9362 reg: 2eb, val:  0
2000-01-01 00:02:02Z    0x2ea6a0        task?[225]      AD9362 reg: 2ec, val:  0
2000-01-01 00:02:02Z    0x2ea6a0        task?[225]      AD9362 reg: 2ed, val:  0
2000-01-01 00:02:02Z    0x2ea6a0        task?[225]      AD9362 reg: 2ee, val:  0
2000-01-01 00:02:02Z    0x2ea6a0        task?[225]      AD9362 reg: 2ef, val:  0
2000-01-01 00:02:02Z    0x2ea6a0        task?[225]      AD9362 reg: 2f0, val:  0
2000-01-01 00:02:02Z    0x2ea6a0        task?[225]      AD9362 reg: 2f1, val:  0
2000-01-01 00:02:02Z    0x2ea6a0        task?[225]      AD9362 reg: 2f2, val:  0
2000-01-01 00:02:02Z    0x2ea6a0        task?[225]      AD9362 reg: 2f3, val:  0
2000-01-01 00:02:02Z    0x2ea6a0        task?[225]      AD9362 reg: 2f4, val:  0
2000-01-01 00:02:02Z    0x338c0 tIntrTask3       max pwr 0-0 0-0, vld null 0 1, corr_offset 0 0, rb_pwr_max 0, fast_det_cnt 0, at 3135 
2000-01-01 00:02:02Z    0x2ea6a0        task?[225]      AD9362 reg: 2f5, val:  0
2000-01-01 00:02:02Z    0x2ea6a0        task?[225]      AD9362 reg: 2f6, val:  0
2000-01-01 00:02:02Z    0x2ea6a0        task?[225]      AD9362 reg: 2f7, val:  0
2000-01-01 00:02:02Z    0x2ea6a0        task?[225]      AD9362 reg: 2f8, val:  0
2000-01-01 00:02:02Z    0x2ea6a0        task?[225]      AD9362 reg: 2f9, val:  0
2000-01-01 00:02:02Z    0x2ea6a0        task?[225]      AD9362 reg: 2fa, val:  0
2000-01-01 00:02:02Z    0x2ea6a0        task?[225]      AD9362 reg: 2fb, val:  0
2000-01-01 00:02:02Z    0x2ea6a0        task?[225]      AD9362 reg: 2fc, val:  0
2000-01-01 00:02:02Z    0x2ea6a0        task?[225]      AD9362 reg: 2fd, val:  0
2000-01-01 00:02:02Z    0x2ea6a0        task?[225]      AD9362 reg: 2fe, val:  0
2000-01-01 00:02:02Z    0x2ea6a0        task?[225]      AD9362 reg: 2ff, val:  0
2000-01-01 00:02:02Z    0x2ea6a0        task?[225]      AD9362 reg: 300, val:  0
2000-01-01 00:02:02Z    0x2ea6a0        task?[225]      AD9362 reg: 301, val:  0
2000-01-01 00:02:02Z    0x2ea6a0        task?[225]      AD9362 reg: 302, val:  0
2000-01-01 00:02:02Z    0x2ea6a0        task?[225]      AD9362 reg: 303, val:  0
2000-01-01 00:02:02Z    0x2ea6a0        task?[225]      AD9362 reg: 304, val:  0
2000-01-01 00:02:02Z    0x2ea6a0        task?[225]      AD9362 reg: 305, val:  0
2000-01-01 00:02:02Z    0x2ea6a0        task?[225]      AD9362 reg: 306, val:  0
2000-01-01 00:02:02Z    0x2ea6a0        task?[225]      AD9362 reg: 307, val:  0
2000-01-01 00:02:02Z    0x2ea6a0        task?[225]      AD9362 reg: 308, val:  0
2000-01-01 00:02:02Z    0x2ea6a0        task?[225]      AD9362 reg: 309, val:  0
2000-01-01 00:02:02Z    0x2ea6a0        task?[225]      AD9362 reg: 30a, val:  0
2000-01-01 00:02:02Z    0x2ea6a0        task?[225]      AD9362 reg: 30b, val:  0
2000-01-01 00:02:02Z    0x2ea6a0        task?[225]      AD9362 reg: 30c, val:  0
2000-01-01 00:02:02Z    0x2ea6a0        task?[225]      AD9362 reg: 30d, val:  0
2000-01-01 00:02:02Z    0x2ea6a0        task?[225]      AD9362 reg: 30e, val:  0
2000-01-01 00:02:02Z    0x2ea6a0        task?[225]      AD9362 reg: 30f, val:  0
2000-01-01 00:02:02Z    0x2ea6a0        task?[225]      AD9362 reg: 310, val:  0
2000-01-01 00:02:02Z    0x2ea6a0        task?[225]      AD9362 reg: 311, val:  0
2000-01-01 00:02:02Z    0x2ea6a0        task?[225]      AD9362 reg: 312, val:  0
2000-01-01 00:02:02Z    0x2ea6a0        task?[225]      AD9362 reg: 313, val:  0
2000-01-01 00:02:02Z    0x2ea6a0        task?[225]      AD9362 reg: 314, val:  0
2000-01-01 00:02:02Z    0x338c0 tIntrTask3       max pwr 0-0 0-0, vld null 0 1, corr_offset 0 0, rb_pwr_max 0, fast_det_cnt 0, at 3151 
2000-01-01 00:02:02Z    0x2ea6a0        task?[225]      AD9362 reg: 315, val:  0
2000-01-01 00:02:02Z    0x2ea6a0        task?[225]      AD9362 reg: 316, val:  0
2000-01-01 00:02:02Z    0x2ea6a0        task?[225]      AD9362 reg: 317, val:  0
2000-01-01 00:02:02Z    0x2ea6a0        task?[225]      AD9362 reg: 318, val:  0
2000-01-01 00:02:02Z    0x2ea6a0        task?[225]      AD9362 reg: 319, val:  0
2000-01-01 00:02:02Z    0x2ea6a0        task?[225]      AD9362 reg: 31a, val:  0
2000-01-01 00:02:02Z    0x2ea6a0        task?[225]      AD9362 reg: 31b, val:  0
2000-01-01 00:02:02Z    0x2ea6a0        task?[225]      AD9362 reg: 31c, val:  0
2000-01-01 00:02:02Z    0x2ea6a0        task?[225]      AD9362 reg: 31d, val:  0
2000-01-01 00:02:02Z    0x2ea6a0        task?[225]      AD9362 reg: 31e, val:  0
2000-01-01 00:02:02Z    0x2ea6a0        task?[225]      AD9362 reg: 31f, val:  0
2000-01-01 00:02:02Z    0x2ea6a0        task?[225]      AD9362 reg: 320, val:  0
2000-01-01 00:02:02Z    0x2ea6a0        task?[225]      AD9362 reg: 321, val:  0
2000-01-01 00:02:02Z    0x2ea6a0        task?[225]      AD9362 reg: 322, val:  0
2000-01-01 00:02:02Z    0x2ea6a0        task?[225]      AD9362 reg: 323, val:  0
2000-01-01 00:02:02Z    0x2ea6a0        task?[225]      AD9362 reg: 324, val:  0
2000-01-01 00:02:02Z    0x2ea6a0        task?[225]      AD9362 reg: 325, val:  0
2000-01-01 00:02:02Z    0x2ea6a0        task?[225]      AD9362 reg: 326, val:  0
2000-01-01 00:02:02Z    0x2ea6a0        task?[225]      AD9362 reg: 327, val:  0
2000-01-01 00:02:02Z    0x2ea6a0        task?[225]      AD9362 reg: 328, val:  0
2000-01-01 00:02:02Z    0x2ea6a0        task?[225]      AD9362 reg: 329, val:  0
2000-01-01 00:02:02Z    0x2ea6a0        task?[225]      AD9362 reg: 32a, val:  0
2000-01-01 00:02:02Z    0x2ea6a0        task?[225]      AD9362 reg: 32b, val:  0
2000-01-01 00:02:02Z    0x2ea6a0        task?[225]      AD9362 reg: 32c, val:  0
2000-01-01 00:02:02Z    0x2ea6a0        task?[225]      AD9362 reg: 32d, val:  0
2000-01-01 00:02:02Z    0x2ea6a0        task?[225]      AD9362 reg: 32e, val:  0
2000-01-01 00:02:02Z    0x2ea6a0        task?[225]      AD9362 reg: 32f, val:  0
2000-01-01 00:02:02Z    0x2ea6a0        task?[225]      AD9362 reg: 330, val:  0
2000-01-01 00:02:02Z    0x2ea6a0        task?[225]      AD9362 reg: 331, val:  0
2000-01-01 00:02:02Z    0x2ea6a0        task?[225]      AD9362 reg: 332, val:  0
2000-01-01 00:02:02Z    0x2ea6a0        task?[225]      AD9362 reg: 333, val:  0
2000-01-01 00:02:02Z    0x2ea6a0        task?[225]      AD9362 reg: 334, val:  0
2000-01-01 00:02:02Z    0x2ea6a0        task?[225]      AD9362 reg: 335, val:  0
2000-01-01 00:02:02Z    0x2ea6a0        task?[225]      AD9362 reg: 336, val:  0
2000-01-01 00:02:02Z    0x2ea6a0        task?[225]      AD9362 reg: 337, val:  0
2000-01-01 00:02:02Z    0x2ea6a0        task?[225]      AD9362 reg: 338, val:  0
2000-01-01 00:02:02Z    0x2ea6a0        task?[225]      AD9362 reg: 339, val:  0
2000-01-01 00:02:02Z    0x2ea6a0        task?[225]      AD9362 reg: 33a, val:  0
2000-01-01 00:02:02Z    0x2ea6a0        task?[225]      AD9362 reg: 33b, val:  0
2000-01-01 00:02:02Z    0x2ea6a0        task?[225]      AD9362 reg: 33c, val:  0
2000-01-01 00:02:02Z    0x2ea6a0        task?[225]      AD9362 reg: 33d, val:  0
2000-01-01 00:02:02Z    0x338c0 tIntrTask3       max pwr 0-0 0-0, vld null 0 1, corr_offset 0 0, rb_pwr_max 0, fast_det_cnt 0, at 3167 
2000-01-01 00:02:02Z    0x2ea6a0        task?[225]      AD9362 reg: 33e, val:  0
2000-01-01 00:02:02Z    0x2ea6a0        task?[225]      AD9362 reg: 33f, val:  0
2000-01-01 00:02:02Z    0x2ea6a0        task?[225]      AD9362 reg: 340, val:  0
2000-01-01 00:02:02Z    0x2ea6a0        task?[225]      AD9362 reg: 341, val:  0
2000-01-01 00:02:02Z    0x2ea6a0        task?[225]      AD9362 reg: 342, val:  0
2000-01-01 00:02:02Z    0x2ea6a0        task?[225]      AD9362 reg: 343, val:  0
2000-01-01 00:02:02Z    0x2ea6a0        task?[225]      AD9362 reg: 344, val:  0
2000-01-01 00:02:02Z    0x2ea6a0        task?[225]      AD9362 reg: 345, val:  0
2000-01-01 00:02:02Z    0x2ea6a0        task?[225]      AD9362 reg: 346, val:  0
2000-01-01 00:02:02Z    0x2ea6a0        task?[225]      AD9362 reg: 347, val:  0
2000-01-01 00:02:02Z    0x2ea6a0        task?[225]      AD9362 reg: 348, val:  0
2000-01-01 00:02:02Z    0x2ea6a0        task?[225]      AD9362 reg: 349, val:  0
2000-01-01 00:02:02Z    0x2ea6a0        task?[225]      AD9362 reg: 34a, val:  0
2000-01-01 00:02:02Z    0x2ea6a0        task?[225]      AD9362 reg: 34b, val:  0
2000-01-01 00:02:02Z    0x2ea6a0        task?[225]      AD9362 reg: 34c, val:  0
2000-01-01 00:02:02Z    0x2ea6a0        task?[225]      AD9362 reg: 34d, val:  0
2000-01-01 00:02:02Z    0x2ea6a0        task?[225]      AD9362 reg: 34e, val:  0
2000-01-01 00:02:02Z    0x2ea6a0        task?[225]      AD9362 reg: 34f, val:  0
2000-01-01 00:02:02Z    0x2ea6a0        task?[225]      AD9362 reg: 350, val:  0
2000-01-01 00:02:02Z    0x2ea6a0        task?[225]      AD9362 reg: 351, val:  0
2000-01-01 00:02:02Z    0x2ea6a0        task?[225]      AD9362 reg: 352, val:  0
2000-01-01 00:02:02Z    0x2ea6a0        task?[225]      AD9362 reg: 353, val:  0
2000-01-01 00:02:02Z    0x2ea6a0        task?[225]      AD9362 reg: 354, val:  0
2000-01-01 00:02:02Z    0x2ea6a0        task?[225]      AD9362 reg: 355, val:  0
2000-01-01 00:02:02Z    0x2ea6a0        task?[225]      AD9362 reg: 356, val:  0
2000-01-01 00:02:02Z    0x2ea6a0        task?[225]      AD9362 reg: 357, val:  0
2000-01-01 00:02:02Z    0x2ea6a0        task?[225]      AD9362 reg: 358, val:  0
2000-01-01 00:02:02Z    0x2ea6a0        task?[225]      AD9362 reg: 359, val:  0
2000-01-01 00:02:02Z    0x338c0 tIntrTask3       max pwr 0-0 0-0, vld null 0 1, corr_offset 0 0, rb_pwr_max 0, fast_det_cnt 0, at 3183 
2000-01-01 00:02:02Z    0x2ea6a0        task?[225]      AD9362 reg: 35a, val:  0
2000-01-01 00:02:02Z    0x2ea6a0        task?[225]      AD9362 reg: 35b, val:  0
2000-01-01 00:02:02Z    0x2ea6a0        task?[225]      AD9362 reg: 35c, val:  0
2000-01-01 00:02:02Z    0x2ea6a0        task?[225]      AD9362 reg: 35d, val:  0
2000-01-01 00:02:02Z    0x2ea6a0        task?[225]      AD9362 reg: 35e, val:  0
2000-01-01 00:02:02Z    0x2ea6a0        task?[225]      AD9362 reg: 35f, val:  0
2000-01-01 00:02:02Z    0x2ea6a0        task?[225]      AD9362 reg: 360, val:  0
2000-01-01 00:02:02Z    0x2ea6a0        task?[225]      AD9362 reg: 361, val:  0
2000-01-01 00:02:02Z    0x2ea6a0        task?[225]      AD9362 reg: 362, val:  0
2000-01-01 00:02:02Z    0x2ea6a0        task?[225]      AD9362 reg: 363, val:  0
2000-01-01 00:02:02Z    0x2ea6a0        task?[225]      AD9362 reg: 364, val:  0
2000-01-01 00:02:02Z    0x2ea6a0        task?[225]      AD9362 reg: 365, val:  0
2000-01-01 00:02:02Z    0x2ea6a0        task?[225]      AD9362 reg: 366, val:  0
2000-01-01 00:02:02Z    0x2ea6a0        task?[225]      AD9362 reg: 367, val:  0
2000-01-01 00:02:02Z    0x2ea6a0        task?[225]      AD9362 reg: 368, val:  0
2000-01-01 00:02:02Z    0x2ea6a0        task?[225]      AD9362 reg: 369, val:  0
2000-01-01 00:02:02Z    0x2ea6a0        task?[225]      AD9362 reg: 36a, val:  0
2000-01-01 00:02:02Z    0x2ea6a0        task?[225]      AD9362 reg: 36b, val:  0
2000-01-01 00:02:02Z    0x2ea6a0        task?[225]      AD9362 reg: 36c, val:  0
2000-01-01 00:02:02Z    0x2ea6a0        task?[225]      AD9362 reg: 36d, val:  0
2000-01-01 00:02:02Z    0x2ea6a0        task?[225]      AD9362 reg: 36e, val:  0
2000-01-01 00:02:02Z    0x2ea6a0        task?[225]      AD9362 reg: 36f, val:  0
2000-01-01 00:02:02Z    0x2ea6a0        task?[225]      AD9362 reg: 370, val:  0
2000-01-01 00:02:02Z    0x2ea6a0        task?[225]      AD9362 reg: 371, val:  0
2000-01-01 00:02:02Z    0x2ea6a0        task?[225]      AD9362 reg: 372, val:  0
2000-01-01 00:02:02Z    0x2ea6a0        task?[225]      AD9362 reg: 373, val:  0
2000-01-01 00:02:02Z    0x2ea6a0        task?[225]      AD9362 reg: 374, val:  0
2000-01-01 00:02:02Z    0x2ea6a0        task?[225]      AD9362 reg: 375, val:  0
2000-01-01 00:02:02Z    0x2ea6a0        task?[225]      AD9362 reg: 376, val:  0
2000-01-01 00:02:02Z    0x2ea6a0        task?[225]      AD9362 reg: 377, val:  0
2000-01-01 00:02:02Z    0x2ea6a0        task?[225]      AD9362 reg: 378, val:  0
2000-01-01 00:02:02Z    0x2ea6a0        task?[225]      AD9362 reg: 379, val:  0
2000-01-01 00:02:03Z    0x2ea6a0        task?[225]      AD9362 reg: 37a, val:  0
2000-01-01 00:02:03Z    0x2ea6a0        task?[225]      AD9362 reg: 37b, val:  0
2000-01-01 00:02:03Z    0x2ea6a0        task?[225]      AD9362 reg: 37c, val:  0
2000-01-01 00:02:03Z    0x2ea6a0        task?[225]      AD9362 reg: 37d, val:  0
2000-01-01 00:02:03Z    0x2ea6a0        task?[225]      AD9362 reg: 37e, val:  0
2000-01-01 00:02:03Z    0x2ea6a0        task?[225]      AD9362 reg: 37f, val:  0
2000-01-01 00:02:03Z    0x2ea6a0        task?[225]      AD9362 reg: 380, val:  0
2000-01-01 00:02:03Z    0x2ea6a0        task?[225]      AD9362 reg: 381, val:  0
2000-01-01 00:02:03Z    0x2ea6a0        task?[225]      AD9362 reg: 382, val:  0
2000-01-01 00:02:03Z    0x2ea6a0        task?[225]      AD9362 reg: 383, val:  0
2000-01-01 00:02:03Z    0x2ea6a0        task?[225]      AD9362 reg: 384, val:  0
2000-01-01 00:02:03Z    0x338c0 tIntrTask3       max pwr 0-0 0-0, vld null 0 1, corr_offset 0 0, rb_pwr_max 0, fast_det_cnt 0, at 3199 
2000-01-01 00:02:03Z    0x2ea6a0        task?[225]      AD9362 reg: 385, val:  0
2000-01-01 00:02:03Z    0x2ea6a0        task?[225]      AD9362 reg: 386, val:  0
2000-01-01 00:02:03Z    0x2ea6a0        task?[225]      AD9362 reg: 387, val:  0
2000-01-01 00:02:03Z    0x2ea6a0        task?[225]      AD9362 reg: 388, val:  0
2000-01-01 00:02:03Z    0x2ea6a0        task?[225]      AD9362 reg: 389, val:  0
2000-01-01 00:02:03Z    0x2ea6a0        task?[225]      AD9362 reg: 38a, val:  0
2000-01-01 00:02:03Z    0x2ea6a0        task?[225]      AD9362 reg: 38b, val:  0
2000-01-01 00:02:03Z    0x2ea6a0        task?[225]      AD9362 reg: 38c, val:  0
2000-01-01 00:02:03Z    0x2ea6a0        task?[225]      AD9362 reg: 38d, val:  0
2000-01-01 00:02:03Z    0x2ea6a0        task?[225]      AD9362 reg: 38e, val:  0
2000-01-01 00:02:03Z    0x2ea6a0        task?[225]      AD9362 reg: 38f, val:  0
2000-01-01 00:02:03Z    0x2ea6a0        task?[225]      AD9362 reg: 390, val:  0
2000-01-01 00:02:03Z    0x2ea6a0        task?[225]      AD9362 reg: 391, val:  0
2000-01-01 00:02:03Z    0x2ea6a0        task?[225]      AD9362 reg: 392, val:  0
2000-01-01 00:02:03Z    0x2ea6a0        task?[225]      AD9362 reg: 393, val:  0
2000-01-01 00:02:03Z    0x2ea6a0        task?[225]      AD9362 reg: 394, val:  0
2000-01-01 00:02:03Z    0x2ea6a0        task?[225]      AD9362 reg: 395, val:  0
2000-01-01 00:02:03Z    0x2ea6a0        task?[225]      AD9362 reg: 396, val:  0
2000-01-01 00:02:03Z    0x2ea6a0        task?[225]      AD9362 reg: 397, val:  0
2000-01-01 00:02:03Z    0x2ea6a0        task?[225]      AD9362 reg: 398, val:  0
2000-01-01 00:02:03Z    0x2ea6a0        task?[225]      AD9362 reg: 399, val:  0
2000-01-01 00:02:03Z    0x2ea6a0        task?[225]      AD9362 reg: 39a, val:  0
2000-01-01 00:02:03Z    0x2ea6a0        task?[225]      AD9362 reg: 39b, val:  0
2000-01-01 00:02:03Z    0x2ea6a0        task?[225]      AD9362 reg: 39c, val:  0
2000-01-01 00:02:03Z    0x2ea6a0        task?[225]      AD9362 reg: 39d, val:  0
2000-01-01 00:02:03Z    0x2ea6a0        task?[225]      AD9362 reg: 39e, val:  0
2000-01-01 00:02:03Z    0x2ea6a0        task?[225]      AD9362 reg: 39f, val:  0
2000-01-01 00:02:03Z    0x2ea6a0        task?[225]      AD9362 reg: 3a0, val:  0
2000-01-01 00:02:03Z    0x2ea6a0        task?[225]      AD9362 reg: 3a1, val:  0
2000-01-01 00:02:03Z    0x2ea6a0        task?[225]      AD9362 reg: 3a2, val:  0
2000-01-01 00:02:03Z    0x2ea6a0        task?[225]      AD9362 reg: 3a3, val:  0
2000-01-01 00:02:03Z    0x2ea6a0        task?[225]      AD9362 reg: 3a4, val:  0
2000-01-01 00:02:03Z    0x2ea6a0        task?[225]      AD9362 reg: 3a5, val:  0
2000-01-01 00:02:03Z    0x2ea6a0        task?[225]      AD9362 reg: 3a6, val:  0
2000-01-01 00:02:03Z    0x2ea6a0        task?[225]      AD9362 reg: 3a7, val:  0
2000-01-01 00:02:03Z    0x2ea6a0        task?[225]      AD9362 reg: 3a8, val:  0
2000-01-01 00:02:03Z    0x2ea6a0        task?[225]      AD9362 reg: 3a9, val:  0
2000-01-01 00:02:03Z    0x2ea6a0        task?[225]      AD9362 reg: 3aa, val:  0
2000-01-01 00:02:03Z    0x2ea6a0        task?[225]      AD9362 reg: 3ab, val:  0
2000-01-01 00:02:03Z    0x2ea6a0        task?[225]      AD9362 reg: 3ac, val:  0
2000-01-01 00:02:03Z    0x338c0 tIntrTask3       max pwr 0-0 0-0, vld null 0 1, corr_offset 0 0, rb_pwr_max 0, fast_det_cnt 0, at 3215 
2000-01-01 00:02:03Z    0x2ea6a0        task?[225]      AD9362 reg: 3ad, val:  0
2000-01-01 00:02:03Z    0x2ea6a0        task?[225]      AD9362 reg: 3ae, val:  0
2000-01-01 00:02:03Z    0x2ea6a0        task?[225]      AD9362 reg: 3af, val:  0
2000-01-01 00:02:03Z    0x2ea6a0        task?[225]      AD9362 reg: 3b0, val:  0
2000-01-01 00:02:03Z    0x2ea6a0        task?[225]      AD9362 reg: 3b1, val:  0
2000-01-01 00:02:03Z    0x2ea6a0        task?[225]      AD9362 reg: 3b2, val:  0
2000-01-01 00:02:03Z    0x2ea6a0        task?[225]      AD9362 reg: 3b3, val:  0
2000-01-01 00:02:03Z    0x2ea6a0        task?[225]      AD9362 reg: 3b4, val:  0
2000-01-01 00:02:03Z    0x2ea6a0        task?[225]      AD9362 reg: 3b5, val:  0
2000-01-01 00:02:03Z    0x2ea6a0        task?[225]      AD9362 reg: 3b6, val:  0
2000-01-01 00:02:03Z    0x2ea6a0        task?[225]      AD9362 reg: 3b7, val:  0
2000-01-01 00:02:03Z    0x2ea6a0        task?[225]      AD9362 reg: 3b8, val:  0
2000-01-01 00:02:03Z    0x2ea6a0        task?[225]      AD9362 reg: 3b9, val:  0
2000-01-01 00:02:03Z    0x2ea6a0        task?[225]      AD9362 reg: 3ba, val:  0
2000-01-01 00:02:03Z    0x2ea6a0        task?[225]      AD9362 reg: 3bb, val:  0
2000-01-01 00:02:03Z    0x2ea6a0        task?[225]      AD9362 reg: 3bc, val:  0
2000-01-01 00:02:03Z    0x2ea6a0        task?[225]      AD9362 reg: 3bd, val:  0
2000-01-01 00:02:03Z    0x2ea6a0        task?[225]      AD9362 reg: 3be, val:  0
2000-01-01 00:02:03Z    0x2ea6a0        task?[225]      AD9362 reg: 3bf, val:  0
2000-01-01 00:02:03Z    0x2ea6a0        task?[225]      AD9362 reg: 3c0, val:  0
2000-01-01 00:02:03Z    0x2ea6a0        task?[225]      AD9362 reg: 3c1, val:  0
2000-01-01 00:02:03Z    0x2ea6a0        task?[225]      AD9362 reg: 3c2, val:  0
2000-01-01 00:02:03Z    0x2ea6a0        task?[225]      AD9362 reg: 3c3, val:  0
2000-01-01 00:02:03Z    0x2ea6a0        task?[225]      AD9362 reg: 3c4, val:  0
2000-01-01 00:02:03Z    0x2ea6a0        task?[225]      AD9362 reg: 3c5, val:  0
2000-01-01 00:02:03Z    0x2ea6a0        task?[225]      AD9362 reg: 3c6, val:  0
2000-01-01 00:02:03Z    0x2ea6a0        task?[225]      AD9362 reg: 3c7, val:  0
2000-01-01 00:02:03Z    0x2ea6a0        task?[225]      AD9362 reg: 3c8, val:  0
2000-01-01 00:02:03Z    0x2b6408        dataCenter      delConnectionWhichNeedDel begin
2000-01-01 00:02:03Z    0x2b6408        dataCenter      delConnectionWhichNeedDel end
2000-01-01 00:02:03Z    0x2b6408        dataCenter      Noise function Close
2000-01-01 00:02:03Z    0x2b6408        dataCenter      calculateThresh is stop
2000-01-01 00:02:03Z    0x298768        omcMain         McsOmcMain::handleSchedulerSlowTicks, It's RU board...
2000-01-01 00:02:03Z    0x2ea6a0        task?[225]      AD9362 reg: 3c9, val:  0
2000-01-01 00:02:03Z    0x2ea6a0        task?[225]      AD9362 reg: 3ca, val:  0
2000-01-01 00:02:03Z    0x338c0 tIntrTask3       max pwr 0-0 0-0, vld null 0 1, corr_offset 0 0, rb_pwr_max 0, fast_det_cnt 0, at 3231 
2000-01-01 00:02:03Z    0x2ea6a0        task?[225]      AD9362 reg: 3cb, val:  0
2000-01-01 00:02:03Z    0x2ea6a0        task?[225]      AD9362 reg: 3cc, val:  0
2000-01-01 00:02:03Z    0x2ea6a0        task?[225]      AD9362 reg: 3cd, val:  0
2000-01-01 00:02:03Z    0x2ea6a0        task?[225]      AD9362 reg: 3ce, val:  0
2000-01-01 00:02:03Z    0x2ea6a0        task?[225]      AD9362 reg: 3cf, val:  0
2000-01-01 00:02:03Z    0x2ea6a0        task?[225]      AD9362 reg: 3d0, val:  0
2000-01-01 00:02:03Z    0x2ea6a0        task?[225]      AD9362 reg: 3d1, val:  0
2000-01-01 00:02:03Z    0x2ea6a0        task?[225]      AD9362 reg: 3d2, val:  0
2000-01-01 00:02:03Z    0x2ea6a0        task?[225]      AD9362 reg: 3d3, val:  0
2000-01-01 00:02:03Z    0x2ea6a0        task?[225]      AD9362 reg: 3d4, val:  0
2000-01-01 00:02:03Z    0x2ea6a0        task?[225]      AD9362 reg: 3d5, val:  0
2000-01-01 00:02:03Z    0x2ea6a0        task?[225]      AD9362 reg: 3d6, val:  0
2000-01-01 00:02:03Z    0x2ea6a0        task?[225]      AD9362 reg: 3d7, val:  0
2000-01-01 00:02:03Z    0x2ea6a0        task?[225]      AD9362 reg: 3d8, val:  0
2000-01-01 00:02:03Z    0x2ea6a0        task?[225]      AD9362 reg: 3d9, val:  0
2000-01-01 00:02:03Z    0x2ea6a0        task?[225]      AD9362 reg: 3da, val:  0
2000-01-01 00:02:03Z    0x2ea6a0        task?[225]      AD9362 reg: 3db, val:  0
2000-01-01 00:02:03Z    0x2ea6a0        task?[225]      AD9362 reg: 3dc, val:  0
2000-01-01 00:02:03Z    0x2ea6a0        task?[225]      AD9362 reg: 3dd, val:  0
2000-01-01 00:02:03Z    0x2ea6a0        task?[225]      AD9362 reg: 3de, val:  0
2000-01-01 00:02:03Z    0x2ea6a0        task?[225]      AD9362 reg: 3df, val:  1
2000-01-01 00:02:03Z    0x2ea6a0        task?[225]      AD9362 reg: 3e0, val:  0
2000-01-01 00:02:03Z    0x2ea6a0        task?[225]      AD9362 reg: 3e1, val:  0
2000-01-01 00:02:03Z    0x2ea6a0        task?[225]      AD9362 reg: 3e2, val:  0
2000-01-01 00:02:03Z    0x2ea6a0        task?[225]      AD9362 reg: 3e3, val:  0
2000-01-01 00:02:03Z    0x2ea6a0        task?[225]      AD9362 reg: 3e4, val:  0
2000-01-01 00:02:03Z    0x2ea6a0        task?[225]      AD9362 reg: 3e5, val:  0
2000-01-01 00:02:03Z    0x2ea6a0        task?[225]      AD9362 reg: 3e6, val:  0
2000-01-01 00:02:03Z    0x2ea6a0        task?[225]      AD9362 reg: 3e7, val:  0
2000-01-01 00:02:03Z    0x2ea6a0        task?[225]      AD9362 reg: 3e8, val:  0
2000-01-01 00:02:03Z    0x2ea6a0        task?[225]      AD9362 reg: 3e9, val:  0
2000-01-01 00:02:03Z    0x2ea6a0        task?[225]      AD9362 reg: 3ea, val:  0
2000-01-01 00:02:03Z    0x2ea6a0        task?[225]      AD9362 reg: 3eb, val:  0
2000-01-01 00:02:03Z    0x2ea6a0        task?[225]      AD9362 reg: 3ec, val:  0
2000-01-01 00:02:03Z    0x2ea6a0        task?[225]      AD9362 reg: 3ed, val:  0
2000-01-01 00:02:03Z    0x2ea6a0        task?[225]      AD9362 reg: 3ee, val:  0
2000-01-01 00:02:03Z    0x2ea6a0        task?[225]      AD9362 reg: 3ef, val:  0
2000-01-01 00:02:03Z    0x2ea6a0        task?[225]      AD9362 reg: 3f0, val:  0
2000-01-01 00:02:03Z    0x2ea6a0        task?[225]      AD9362 reg: 3f1, val:  0
2000-01-01 00:02:03Z    0x2ea6a0        task?[225]      AD9362 reg: 3f2, val:  0
2000-01-01 00:02:03Z    0x2ea6a0        task?[225]      AD9362 reg: 3f3, val:  0
2000-01-01 00:02:03Z    0x2ea6a0        task?[225]      AD9362 reg: 3f4, val:  0
2000-01-01 00:02:03Z    0x2ea6a0        task?[225]      AD9362 reg: 3f5, val:  0
2000-01-01 00:02:03Z    0x2ea6a0        task?[225]      AD9362 reg: 3f6, val:  0
2000-01-01 00:02:03Z    0x2ea6a0        task?[225]      AD9362 reg: 3f7, val:  0
2000-01-01 00:02:03Z    0x2ea6a0        task?[225]      AD9362 reg: 3f8, val:  0
2000-01-01 00:02:03Z    0x2ea6a0        task?[225]      AD9362 reg: 3f9, val:  0
2000-01-01 00:02:03Z    0x2ea6a0        task?[225]      AD9362 reg: 3fa, val:  0
2000-01-01 00:02:03Z    0x2ea6a0        task?[225]      AD9362 reg: 3fb, val:  0
2000-01-01 00:02:03Z    0x2ea6a0        task?[225]      AD9362 reg: 3fc, val: ff
2000-01-01 00:02:03Z    0x338c0 tIntrTask3       max pwr 0-0 0-0, vld null 0 1, corr_offset 0 0, rb_pwr_max 0, fast_det_cnt 0, at 3247 
2000-01-01 00:02:03Z    0x2ea6a0        task?[225]      AD9362 reg: 3fd, val: ff
2000-01-01 00:02:03Z    0x338c0 tIntrTask3       max pwr 0-0 0-0, vld null 0 1, corr_offset 0 0, rb_pwr_max 0, fast_det_cnt 0, at 3263 
2000-01-01 00:02:03Z    0x338c0 tIntrTask3       max pwr 0-0 0-0, vld null 0 1, corr_offset 0 0, rb_pwr_max 0, fast_det_cnt 0, at 3279 
2000-01-01 00:02:04Z    0x338c0 tIntrTask3       max pwr 0-0 0-0, vld null 0 1, corr_offset 0 0, rb_pwr_max 0, fast_det_cnt 0, at 3295 
2000-01-01 00:02:04Z    0x338c0 tIntrTask3       max pwr 0-0 0-0, vld null 0 1, corr_offset 0 0, rb_pwr_max 0, fast_det_cnt 0, at 3311 
2000-01-01 00:02:04Z    0x338c0 tIntrTask3       max pwr 0-0 0-0, vld null 0 1, corr_offset 0 0, rb_pwr_max 0, fast_det_cnt 0, at 3327 
2000-01-01 00:02:04Z    0x2b6408        dataCenter      delConnectionWhichNeedDel begin
2000-01-01 00:02:04Z    0x2b6408        dataCenter      delConnectionWhichNeedDel end
2000-01-01 00:02:04Z    0x2b6408        dataCenter      Noise function Close
2000-01-01 00:02:04Z    0x2b6408        dataCenter      calculateThresh is stop
2000-01-01 00:02:04Z    0x338c0 tIntrTask3       max pwr 0-0 0-0, vld null 0 1, corr_offset 0 0, rb_pwr_max 0, fast_det_cnt 0, at 3343 
2000-01-01 00:02:04Z    0x338c0 tIntrTask3       max pwr 0-0 0-0, vld null 0 1, corr_offset 0 0, rb_pwr_max 0, fast_det_cnt 0, at 3359 
2000-01-01 00:02:04Z    0x338c0 tIntrTask3       max pwr 0-0 0-0, vld null 0 1, corr_offset 0 0, rb_pwr_max 0, fast_det_cnt 0, at 3375 
2000-01-01 00:02:05Z    0x338c0 tIntrTask3       max pwr 0-0 0-0, vld null 0 1, corr_offset 0 0, rb_pwr_max 0, fast_det_cnt 0, at 3391 
2000-01-01 00:02:05Z    0x338c0 tIntrTask3       max pwr 0-0 0-0, vld null 0 1, corr_offset 0 0, rb_pwr_max 0, fast_det_cnt 0, at 3407 
2000-01-01 00:02:05Z    0x338c0 tIntrTask3       max pwr 0-0 0-0, vld null 0 1, corr_offset 0 0, rb_pwr_max 0, fast_det_cnt 0, at 3423 
2000-01-01 00:02:05Z    0x2b6408        dataCenter      delConnectionWhichNeedDel begin
2000-01-01 00:02:05Z    0x2b6408        dataCenter      delConnectionWhichNeedDel end
2000-01-01 00:02:05Z    0x2b6408        dataCenter      Noise function Close
2000-01-01 00:02:05Z    0x2b6408        dataCenter      calculateThresh is stop
2000-01-01 00:02:05Z    0x298768        omcMain         McsOmcMain::handleSchedulerSlowTicks, It's RU board...
2000-01-01 00:02:05Z    0x338c0 tIntrTask3       max pwr 0-0 0-0, vld null 0 1, corr_offset 0 0, rb_pwr_max 0, fast_det_cnt 0, at 3439 
2000-01-01 00:02:05Z    0x338c0 tIntrTask3       max pwr 0-0 0-0, vld null 0 1, corr_offset 0 0, rb_pwr_max 0, fast_det_cnt 0, at 3455 
2000-01-01 00:02:05Z    0x338c0 tIntrTask3       max pwr 0-0 0-0, vld null 0 1, corr_offset 0 0, rb_pwr_max 0, fast_det_cnt 0, at 3471 
2000-01-01 00:02:06Z    0x338c0 tIntrTask3       max pwr 0-0 0-0, vld null 0 1, corr_offset 0 0, rb_pwr_max 0, fast_det_cnt 0, at 3487 
2000-01-01 00:02:06Z    0x338c0 tIntrTask3       max pwr 0-0 0-0, vld null 0 1, corr_offset 0 0, rb_pwr_max 0, fast_det_cnt 0, at 3503 
2000-01-01 00:02:06Z    0x338c0 tIntrTask3       max pwr 0-0 0-0, vld null 0 1, corr_offset 0 0, rb_pwr_max 0, fast_det_cnt 0, at 3519 
2000-01-01 00:02:06Z    0x2b6408        dataCenter      delConnectionWhichNeedDel begin
2000-01-01 00:02:06Z    0x2b6408        dataCenter      delConnectionWhichNeedDel end
2000-01-01 00:02:06Z    0x2b6408        dataCenter      Noise function Close
2000-01-01 00:02:06Z    0x2b6408        dataCenter      calculateThresh is stop
2000-01-01 00:02:06Z    0x338c0 tIntrTask3       max pwr 0-0 0-0, vld null 0 1, corr_offset 0 0, rb_pwr_max 0, fast_det_cnt 0, at 3535 
2000-01-01 00:02:06Z    0x338c0 tIntrTask3       max pwr 0-0 0-0, vld null 0 1, corr_offset 0 0, rb_pwr_max 0, fast_det_cnt 0, at 3551 
2000-01-01 00:02:06Z    0x338c0 tIntrTask3       max pwr 0-0 0-0, vld null 0 1, corr_offset 0 0, rb_pwr_max 0, fast_det_cnt 0, at 3567 
2000-01-01 00:02:07Z    0x338c0 tIntrTask3       max pwr 0-0 0-0, vld null 0 1, corr_offset 0 0, rb_pwr_max 0, fast_det_cnt 0, at 3583 
2000-01-01 00:02:07Z    0x338c0 tIntrTask3       max pwr 0-0 0-0, vld null 0 1, corr_offset 0 0, rb_pwr_max 0, fast_det_cnt 0, at 3599 
2000-01-01 00:02:07Z    0x338c0 tIntrTask3       max pwr 0-0 0-0, vld null 0 1, corr_offset 0 0, rb_pwr_max 0, fast_det_cnt 0, at 3615 
2000-01-01 00:02:07Z    0x2b6408        dataCenter      delConnectionWhichNeedDel begin
2000-01-01 00:02:07Z    0x2b6408        dataCenter      delConnectionWhichNeedDel end
2000-01-01 00:02:07Z    0x2b6408        dataCenter      Noise function Close
2000-01-01 00:02:07Z    0x2b6408        dataCenter      calculateThresh is stop
2000-01-01 00:02:07Z    0x298768        omcMain         McsOmcMain::handleSchedulerSlowTicks, It's RU board...
2000-01-01 00:02:07Z    0x338c0 tIntrTask3       max pwr 0-0 0-0, vld null 0 1, corr_offset 0 0, rb_pwr_max 0, fast_det_cnt 0, at 3631 
2000-01-01 00:02:07Z    0x338c0 tIntrTask3       max pwr 0-0 0-0, vld null 0 1, corr_offset 0 0, rb_pwr_max 0, fast_det_cnt 0, at 3647 
2000-01-01 00:02:07Z    0x338c0 tIntrTask3       max pwr 0-0 0-0, vld null 0 1, corr_offset 0 0, rb_pwr_max 0, fast_det_cnt 0, at 3663 
2000-01-01 00:02:08Z    0x338c0 tIntrTask3       max pwr 0-0 0-0, vld null 0 1, corr_offset 0 0, rb_pwr_max 0, fast_det_cnt 0, at 3679 
2000-01-01 00:02:08Z    0x35230 occMon          system:  current memory(free/total)=83100/126404 kB cpu load=46.1
2000-01-01 00:02:08Z    0x338c0 tIntrTask3       max pwr 0-0 0-0, vld null 0 1, corr_offset 0 0, rb_pwr_max 0, fast_det_cnt 0, at 3695 
2000-01-01 00:02:08Z    0x338c0 tIntrTask3       max pwr 0-0 0-0, vld null 0 1, corr_offset 0 0, rb_pwr_max 0, fast_det_cnt 0, at 3711 